

Started GET "/" for ::1 at 2015-11-07 14:31:27 -0600

ActiveRecord::NoDatabaseError (FATAL:  database "angular-lesson_development" does not exist
):
  activerecord (4.2.3) lib/active_record/connection_adapters/postgresql_adapter.rb:665:in `rescue in connect'
  activerecord (4.2.3) lib/active_record/connection_adapters/postgresql_adapter.rb:655:in `connect'
  activerecord (4.2.3) lib/active_record/connection_adapters/postgresql_adapter.rb:242:in `initialize'
  activerecord (4.2.3) lib/active_record/connection_adapters/postgresql_adapter.rb:44:in `new'
  activerecord (4.2.3) lib/active_record/connection_adapters/postgresql_adapter.rb:44:in `postgresql_connection'
  activerecord (4.2.3) lib/active_record/connection_adapters/abstract/connection_pool.rb:438:in `new_connection'
  activerecord (4.2.3) lib/active_record/connection_adapters/abstract/connection_pool.rb:448:in `checkout_new_connection'
  activerecord (4.2.3) lib/active_record/connection_adapters/abstract/connection_pool.rb:422:in `acquire_connection'
  activerecord (4.2.3) lib/active_record/connection_adapters/abstract/connection_pool.rb:349:in `block in checkout'
  /Users/bdipaola/.rbenv/versions/2.0.0-p481/lib/ruby/2.0.0/monitor.rb:211:in `mon_synchronize'
  activerecord (4.2.3) lib/active_record/connection_adapters/abstract/connection_pool.rb:348:in `checkout'
  activerecord (4.2.3) lib/active_record/connection_adapters/abstract/connection_pool.rb:263:in `block in connection'
  /Users/bdipaola/.rbenv/versions/2.0.0-p481/lib/ruby/2.0.0/monitor.rb:211:in `mon_synchronize'
  activerecord (4.2.3) lib/active_record/connection_adapters/abstract/connection_pool.rb:262:in `connection'
  activerecord (4.2.3) lib/active_record/connection_adapters/abstract/connection_pool.rb:571:in `retrieve_connection'
  activerecord (4.2.3) lib/active_record/connection_handling.rb:113:in `retrieve_connection'
  activerecord (4.2.3) lib/active_record/connection_handling.rb:87:in `connection'
  activerecord (4.2.3) lib/active_record/migration.rb:383:in `connection'
  activerecord (4.2.3) lib/active_record/migration.rb:370:in `call'
  actionpack (4.2.3) lib/action_dispatch/middleware/callbacks.rb:29:in `block in call'
  activesupport (4.2.3) lib/active_support/callbacks.rb:84:in `run_callbacks'
  actionpack (4.2.3) lib/action_dispatch/middleware/callbacks.rb:27:in `call'
  actionpack (4.2.3) lib/action_dispatch/middleware/reloader.rb:73:in `call'
  actionpack (4.2.3) lib/action_dispatch/middleware/remote_ip.rb:78:in `call'
  actionpack (4.2.3) lib/action_dispatch/middleware/debug_exceptions.rb:17:in `call'
  web-console (2.2.1) lib/web_console/middleware.rb:39:in `call'
  actionpack (4.2.3) lib/action_dispatch/middleware/show_exceptions.rb:30:in `call'
  railties (4.2.3) lib/rails/rack/logger.rb:38:in `call_app'
  railties (4.2.3) lib/rails/rack/logger.rb:20:in `block in call'
  activesupport (4.2.3) lib/active_support/tagged_logging.rb:68:in `block in tagged'
  activesupport (4.2.3) lib/active_support/tagged_logging.rb:26:in `tagged'
  activesupport (4.2.3) lib/active_support/tagged_logging.rb:68:in `tagged'
  railties (4.2.3) lib/rails/rack/logger.rb:20:in `call'
  actionpack (4.2.3) lib/action_dispatch/middleware/request_id.rb:21:in `call'
  rack (1.6.4) lib/rack/methodoverride.rb:22:in `call'
  rack (1.6.4) lib/rack/runtime.rb:18:in `call'
  activesupport (4.2.3) lib/active_support/cache/strategy/local_cache_middleware.rb:28:in `call'
  rack (1.6.4) lib/rack/lock.rb:17:in `call'
  actionpack (4.2.3) lib/action_dispatch/middleware/static.rb:116:in `call'
  rack (1.6.4) lib/rack/sendfile.rb:113:in `call'
  railties (4.2.3) lib/rails/engine.rb:518:in `call'
  railties (4.2.3) lib/rails/application.rb:165:in `call'
  rack (1.6.4) lib/rack/lock.rb:17:in `call'
  rack (1.6.4) lib/rack/content_length.rb:15:in `call'
  rack (1.6.4) lib/rack/handler/webrick.rb:88:in `service'
  /Users/bdipaola/.rbenv/versions/2.0.0-p481/lib/ruby/2.0.0/webrick/httpserver.rb:138:in `service'
  /Users/bdipaola/.rbenv/versions/2.0.0-p481/lib/ruby/2.0.0/webrick/httpserver.rb:94:in `run'
  /Users/bdipaola/.rbenv/versions/2.0.0-p481/lib/ruby/2.0.0/webrick/server.rb:295:in `block in start_thread'


  Rendered /Users/bdipaola/.rbenv/versions/2.0.0-p481/lib/ruby/gems/2.0.0/gems/actionpack-4.2.3/lib/action_dispatch/middleware/templates/rescues/_source.erb (3.6ms)
  Rendered /Users/bdipaola/.rbenv/versions/2.0.0-p481/lib/ruby/gems/2.0.0/gems/actionpack-4.2.3/lib/action_dispatch/middleware/templates/rescues/_trace.html.erb (1.5ms)
  Rendered /Users/bdipaola/.rbenv/versions/2.0.0-p481/lib/ruby/gems/2.0.0/gems/actionpack-4.2.3/lib/action_dispatch/middleware/templates/rescues/_request_and_response.html.erb (0.8ms)
  Rendered /Users/bdipaola/.rbenv/versions/2.0.0-p481/lib/ruby/gems/2.0.0/gems/actionpack-4.2.3/lib/action_dispatch/middleware/templates/rescues/diagnostics.html.erb within rescues/layout (28.0ms)
  Rendered /Users/bdipaola/.rbenv/versions/2.0.0-p481/lib/ruby/gems/2.0.0/gems/web-console-2.2.1/lib/web_console/templates/_markup.html.erb (0.4ms)
  Rendered /Users/bdipaola/.rbenv/versions/2.0.0-p481/lib/ruby/gems/2.0.0/gems/web-console-2.2.1/lib/web_console/templates/_inner_console_markup.html.erb within layouts/inlined_string (0.4ms)
  Rendered /Users/bdipaola/.rbenv/versions/2.0.0-p481/lib/ruby/gems/2.0.0/gems/web-console-2.2.1/lib/web_console/templates/_prompt_box_markup.html.erb within layouts/inlined_string (0.4ms)
  Rendered /Users/bdipaola/.rbenv/versions/2.0.0-p481/lib/ruby/gems/2.0.0/gems/web-console-2.2.1/lib/web_console/templates/style.css.erb within layouts/inlined_string (0.5ms)
  Rendered /Users/bdipaola/.rbenv/versions/2.0.0-p481/lib/ruby/gems/2.0.0/gems/web-console-2.2.1/lib/web_console/templates/console.js.erb within layouts/javascript (24.7ms)
  Rendered /Users/bdipaola/.rbenv/versions/2.0.0-p481/lib/ruby/gems/2.0.0/gems/web-console-2.2.1/lib/web_console/templates/main.js.erb within layouts/javascript (0.3ms)
  Rendered /Users/bdipaola/.rbenv/versions/2.0.0-p481/lib/ruby/gems/2.0.0/gems/web-console-2.2.1/lib/web_console/templates/error_page.js.erb within layouts/javascript (0.4ms)
  Rendered /Users/bdipaola/.rbenv/versions/2.0.0-p481/lib/ruby/gems/2.0.0/gems/web-console-2.2.1/lib/web_console/templates/index.html.erb (51.5ms)


Started GET "/" for ::1 at 2015-11-07 14:31:27 -0600

ActiveRecord::NoDatabaseError (FATAL:  database "angular-lesson_development" does not exist
):
  activerecord (4.2.3) lib/active_record/connection_adapters/postgresql_adapter.rb:665:in `rescue in connect'
  activerecord (4.2.3) lib/active_record/connection_adapters/postgresql_adapter.rb:655:in `connect'
  activerecord (4.2.3) lib/active_record/connection_adapters/postgresql_adapter.rb:242:in `initialize'
  activerecord (4.2.3) lib/active_record/connection_adapters/postgresql_adapter.rb:44:in `new'
  activerecord (4.2.3) lib/active_record/connection_adapters/postgresql_adapter.rb:44:in `postgresql_connection'
  activerecord (4.2.3) lib/active_record/connection_adapters/abstract/connection_pool.rb:438:in `new_connection'
  activerecord (4.2.3) lib/active_record/connection_adapters/abstract/connection_pool.rb:448:in `checkout_new_connection'
  activerecord (4.2.3) lib/active_record/connection_adapters/abstract/connection_pool.rb:422:in `acquire_connection'
  activerecord (4.2.3) lib/active_record/connection_adapters/abstract/connection_pool.rb:349:in `block in checkout'
  /Users/bdipaola/.rbenv/versions/2.0.0-p481/lib/ruby/2.0.0/monitor.rb:211:in `mon_synchronize'
  activerecord (4.2.3) lib/active_record/connection_adapters/abstract/connection_pool.rb:348:in `checkout'
  activerecord (4.2.3) lib/active_record/connection_adapters/abstract/connection_pool.rb:263:in `block in connection'
  /Users/bdipaola/.rbenv/versions/2.0.0-p481/lib/ruby/2.0.0/monitor.rb:211:in `mon_synchronize'
  activerecord (4.2.3) lib/active_record/connection_adapters/abstract/connection_pool.rb:262:in `connection'
  activerecord (4.2.3) lib/active_record/connection_adapters/abstract/connection_pool.rb:571:in `retrieve_connection'
  activerecord (4.2.3) lib/active_record/connection_handling.rb:113:in `retrieve_connection'
  activerecord (4.2.3) lib/active_record/connection_handling.rb:87:in `connection'
  activerecord (4.2.3) lib/active_record/migration.rb:383:in `connection'
  activerecord (4.2.3) lib/active_record/migration.rb:370:in `call'
  actionpack (4.2.3) lib/action_dispatch/middleware/callbacks.rb:29:in `block in call'
  activesupport (4.2.3) lib/active_support/callbacks.rb:84:in `run_callbacks'
  actionpack (4.2.3) lib/action_dispatch/middleware/callbacks.rb:27:in `call'
  actionpack (4.2.3) lib/action_dispatch/middleware/reloader.rb:73:in `call'
  actionpack (4.2.3) lib/action_dispatch/middleware/remote_ip.rb:78:in `call'
  actionpack (4.2.3) lib/action_dispatch/middleware/debug_exceptions.rb:17:in `call'
  web-console (2.2.1) lib/web_console/middleware.rb:39:in `call'
  actionpack (4.2.3) lib/action_dispatch/middleware/show_exceptions.rb:30:in `call'
  railties (4.2.3) lib/rails/rack/logger.rb:38:in `call_app'
  railties (4.2.3) lib/rails/rack/logger.rb:20:in `block in call'
  activesupport (4.2.3) lib/active_support/tagged_logging.rb:68:in `block in tagged'
  activesupport (4.2.3) lib/active_support/tagged_logging.rb:26:in `tagged'
  activesupport (4.2.3) lib/active_support/tagged_logging.rb:68:in `tagged'
  railties (4.2.3) lib/rails/rack/logger.rb:20:in `call'
  actionpack (4.2.3) lib/action_dispatch/middleware/request_id.rb:21:in `call'
  rack (1.6.4) lib/rack/methodoverride.rb:22:in `call'
  rack (1.6.4) lib/rack/runtime.rb:18:in `call'
  activesupport (4.2.3) lib/active_support/cache/strategy/local_cache_middleware.rb:28:in `call'
  rack (1.6.4) lib/rack/lock.rb:17:in `call'
  actionpack (4.2.3) lib/action_dispatch/middleware/static.rb:116:in `call'
  rack (1.6.4) lib/rack/sendfile.rb:113:in `call'
  railties (4.2.3) lib/rails/engine.rb:518:in `call'
  railties (4.2.3) lib/rails/application.rb:165:in `call'
  rack (1.6.4) lib/rack/lock.rb:17:in `call'
  rack (1.6.4) lib/rack/content_length.rb:15:in `call'
  rack (1.6.4) lib/rack/handler/webrick.rb:88:in `service'
  /Users/bdipaola/.rbenv/versions/2.0.0-p481/lib/ruby/2.0.0/webrick/httpserver.rb:138:in `service'
  /Users/bdipaola/.rbenv/versions/2.0.0-p481/lib/ruby/2.0.0/webrick/httpserver.rb:94:in `run'
  /Users/bdipaola/.rbenv/versions/2.0.0-p481/lib/ruby/2.0.0/webrick/server.rb:295:in `block in start_thread'


  Rendered /Users/bdipaola/.rbenv/versions/2.0.0-p481/lib/ruby/gems/2.0.0/gems/actionpack-4.2.3/lib/action_dispatch/middleware/templates/rescues/_source.erb (2.7ms)
  Rendered /Users/bdipaola/.rbenv/versions/2.0.0-p481/lib/ruby/gems/2.0.0/gems/actionpack-4.2.3/lib/action_dispatch/middleware/templates/rescues/_trace.html.erb (1.4ms)
  Rendered /Users/bdipaola/.rbenv/versions/2.0.0-p481/lib/ruby/gems/2.0.0/gems/actionpack-4.2.3/lib/action_dispatch/middleware/templates/rescues/_request_and_response.html.erb (0.7ms)
  Rendered /Users/bdipaola/.rbenv/versions/2.0.0-p481/lib/ruby/gems/2.0.0/gems/actionpack-4.2.3/lib/action_dispatch/middleware/templates/rescues/diagnostics.html.erb within rescues/layout (15.7ms)
  Rendered /Users/bdipaola/.rbenv/versions/2.0.0-p481/lib/ruby/gems/2.0.0/gems/web-console-2.2.1/lib/web_console/templates/_markup.html.erb (0.4ms)
  Rendered /Users/bdipaola/.rbenv/versions/2.0.0-p481/lib/ruby/gems/2.0.0/gems/web-console-2.2.1/lib/web_console/templates/_inner_console_markup.html.erb within layouts/inlined_string (0.2ms)
  Rendered /Users/bdipaola/.rbenv/versions/2.0.0-p481/lib/ruby/gems/2.0.0/gems/web-console-2.2.1/lib/web_console/templates/_prompt_box_markup.html.erb within layouts/inlined_string (0.2ms)
  Rendered /Users/bdipaola/.rbenv/versions/2.0.0-p481/lib/ruby/gems/2.0.0/gems/web-console-2.2.1/lib/web_console/templates/style.css.erb within layouts/inlined_string (0.3ms)
  Rendered /Users/bdipaola/.rbenv/versions/2.0.0-p481/lib/ruby/gems/2.0.0/gems/web-console-2.2.1/lib/web_console/templates/console.js.erb within layouts/javascript (13.9ms)
  Rendered /Users/bdipaola/.rbenv/versions/2.0.0-p481/lib/ruby/gems/2.0.0/gems/web-console-2.2.1/lib/web_console/templates/main.js.erb within layouts/javascript (0.3ms)
  Rendered /Users/bdipaola/.rbenv/versions/2.0.0-p481/lib/ruby/gems/2.0.0/gems/web-console-2.2.1/lib/web_console/templates/error_page.js.erb within layouts/javascript (0.4ms)
  Rendered /Users/bdipaola/.rbenv/versions/2.0.0-p481/lib/ruby/gems/2.0.0/gems/web-console-2.2.1/lib/web_console/templates/index.html.erb (31.7ms)


Started GET "/" for ::1 at 2015-11-07 14:31:59 -0600
Processing by MainController#index as HTML
  Rendered main/index.html.erb within layouts/application (0.9ms)
Completed 200 OK in 977ms (Views: 976.1ms | ActiveRecord: 0.0ms)


Started GET "/assets/jquery.self-a714331225dda820228db323939889f149aec0127aeb06255646b616ba1ca419.js?body=1" for ::1 at 2015-11-07 14:32:00 -0600


Started GET "/assets/main.self-e3b0c44298fc1c149afbf4c8996fb92427ae41e4649b934ca495991b7852b855.css?body=1" for ::1 at 2015-11-07 14:32:00 -0600


Started GET "/assets/application.self-e80e8f2318043e8af94dddc2adad5a4f09739a8ebb323b3ab31cd71d45fd9113.css?body=1" for ::1 at 2015-11-07 14:32:00 -0600


Started GET "/assets/jquery_ujs.self-d456baa54c1fa6be2ec3711f0a72ddf7a5b2f34a6b4f515f33767d6207b7d4b3.js?body=1" for ::1 at 2015-11-07 14:32:00 -0600


Started GET "/assets/angular.self-5657ace19fa32e4720c470d98deb20d67d0bd0221bdf5a4b447ab31e8249a65b.js?body=1" for ::1 at 2015-11-07 14:32:00 -0600


Started GET "/assets/angular-route.self-f56298a407408f1817ca9aaedf3df5f45c47bbafb3c4f85641b8d0fd38581599.js?body=1" for ::1 at 2015-11-07 14:32:00 -0600


Started GET "/assets/application.self-3b8dabdc891efe46b9a144b400ad69e37d7e5876bdc39dee783419a69d7ca819.js?body=1" for ::1 at 2015-11-07 14:32:00 -0600


Started GET "/" for ::1 at 2015-11-07 14:32:48 -0600
Processing by MainController#index as HTML
  Rendered main/index.html.erb within layouts/application (0.3ms)
Completed 200 OK in 23ms (Views: 23.0ms | ActiveRecord: 0.0ms)


Started GET "/assets/main.self-e3b0c44298fc1c149afbf4c8996fb92427ae41e4649b934ca495991b7852b855.css?body=1" for ::1 at 2015-11-07 14:32:48 -0600


Started GET "/assets/jquery.self-a714331225dda820228db323939889f149aec0127aeb06255646b616ba1ca419.js?body=1" for ::1 at 2015-11-07 14:32:48 -0600


Started GET "/assets/angular-route.self-f56298a407408f1817ca9aaedf3df5f45c47bbafb3c4f85641b8d0fd38581599.js?body=1" for ::1 at 2015-11-07 14:32:48 -0600


Started GET "/assets/application.self-e80e8f2318043e8af94dddc2adad5a4f09739a8ebb323b3ab31cd71d45fd9113.css?body=1" for ::1 at 2015-11-07 14:32:48 -0600


Started GET "/assets/jquery_ujs.self-d456baa54c1fa6be2ec3711f0a72ddf7a5b2f34a6b4f515f33767d6207b7d4b3.js?body=1" for ::1 at 2015-11-07 14:32:48 -0600


Started GET "/assets/angular.self-5657ace19fa32e4720c470d98deb20d67d0bd0221bdf5a4b447ab31e8249a65b.js?body=1" for ::1 at 2015-11-07 14:32:48 -0600


Started GET "/assets/application.self-3b8dabdc891efe46b9a144b400ad69e37d7e5876bdc39dee783419a69d7ca819.js?body=1" for ::1 at 2015-11-07 14:32:48 -0600


Started GET "/" for ::1 at 2015-11-07 14:32:50 -0600
Processing by MainController#index as HTML
  Rendered main/index.html.erb within layouts/application (0.0ms)
Completed 200 OK in 75ms (Views: 74.8ms | ActiveRecord: 0.0ms)


Started GET "/assets/main.self-e3b0c44298fc1c149afbf4c8996fb92427ae41e4649b934ca495991b7852b855.css?body=1" for ::1 at 2015-11-07 14:32:51 -0600


Started GET "/assets/application.self-e80e8f2318043e8af94dddc2adad5a4f09739a8ebb323b3ab31cd71d45fd9113.css?body=1" for ::1 at 2015-11-07 14:32:51 -0600


Started GET "/assets/angular-route.self-f56298a407408f1817ca9aaedf3df5f45c47bbafb3c4f85641b8d0fd38581599.js?body=1" for ::1 at 2015-11-07 14:32:51 -0600


Started GET "/assets/angular.self-5657ace19fa32e4720c470d98deb20d67d0bd0221bdf5a4b447ab31e8249a65b.js?body=1" for ::1 at 2015-11-07 14:32:51 -0600


Started GET "/assets/jquery.self-a714331225dda820228db323939889f149aec0127aeb06255646b616ba1ca419.js?body=1" for ::1 at 2015-11-07 14:32:51 -0600


Started GET "/assets/jquery_ujs.self-d456baa54c1fa6be2ec3711f0a72ddf7a5b2f34a6b4f515f33767d6207b7d4b3.js?body=1" for ::1 at 2015-11-07 14:32:51 -0600


Started GET "/assets/application.self-3b8dabdc891efe46b9a144b400ad69e37d7e5876bdc39dee783419a69d7ca819.js?body=1" for ::1 at 2015-11-07 14:32:51 -0600


Started GET "/" for ::1 at 2015-11-07 14:34:34 -0600
Processing by MainController#index as HTML
  Rendered main/index.html.erb within layouts/application (0.9ms)
Completed 200 OK in 569ms (Views: 568.3ms | ActiveRecord: 0.0ms)


Started GET "/assets/angular.self-5657ace19fa32e4720c470d98deb20d67d0bd0221bdf5a4b447ab31e8249a65b.js?body=1" for ::1 at 2015-11-07 14:34:35 -0600


Started GET "/assets/jquery.self-a714331225dda820228db323939889f149aec0127aeb06255646b616ba1ca419.js?body=1" for ::1 at 2015-11-07 14:34:35 -0600


Started GET "/assets/main.self-e3b0c44298fc1c149afbf4c8996fb92427ae41e4649b934ca495991b7852b855.css?body=1" for ::1 at 2015-11-07 14:34:35 -0600


Started GET "/assets/application.self-e80e8f2318043e8af94dddc2adad5a4f09739a8ebb323b3ab31cd71d45fd9113.css?body=1" for ::1 at 2015-11-07 14:34:35 -0600


Started GET "/assets/jquery_ujs.self-d456baa54c1fa6be2ec3711f0a72ddf7a5b2f34a6b4f515f33767d6207b7d4b3.js?body=1" for ::1 at 2015-11-07 14:34:35 -0600


Started GET "/assets/angular-route.self-f56298a407408f1817ca9aaedf3df5f45c47bbafb3c4f85641b8d0fd38581599.js?body=1" for ::1 at 2015-11-07 14:34:35 -0600


Started GET "/assets/application.self-3b8dabdc891efe46b9a144b400ad69e37d7e5876bdc39dee783419a69d7ca819.js?body=1" for ::1 at 2015-11-07 14:34:35 -0600


Started GET "/" for ::1 at 2015-11-07 14:34:38 -0600
Processing by MainController#index as HTML
  Rendered main/index.html.erb within layouts/application (0.0ms)
Completed 200 OK in 79ms (Views: 78.8ms | ActiveRecord: 0.0ms)


Started GET "/assets/main.self-e3b0c44298fc1c149afbf4c8996fb92427ae41e4649b934ca495991b7852b855.css?body=1" for ::1 at 2015-11-07 14:34:38 -0600


Started GET "/assets/jquery.self-a714331225dda820228db323939889f149aec0127aeb06255646b616ba1ca419.js?body=1" for ::1 at 2015-11-07 14:34:38 -0600


Started GET "/assets/angular.self-5657ace19fa32e4720c470d98deb20d67d0bd0221bdf5a4b447ab31e8249a65b.js?body=1" for ::1 at 2015-11-07 14:34:38 -0600


Started GET "/assets/application.self-e80e8f2318043e8af94dddc2adad5a4f09739a8ebb323b3ab31cd71d45fd9113.css?body=1" for ::1 at 2015-11-07 14:34:38 -0600


Started GET "/assets/jquery_ujs.self-d456baa54c1fa6be2ec3711f0a72ddf7a5b2f34a6b4f515f33767d6207b7d4b3.js?body=1" for ::1 at 2015-11-07 14:34:38 -0600


Started GET "/assets/angular-route.self-f56298a407408f1817ca9aaedf3df5f45c47bbafb3c4f85641b8d0fd38581599.js?body=1" for ::1 at 2015-11-07 14:34:38 -0600


Started GET "/assets/application.self-3b8dabdc891efe46b9a144b400ad69e37d7e5876bdc39dee783419a69d7ca819.js?body=1" for ::1 at 2015-11-07 14:34:38 -0600


Started GET "/" for ::1 at 2015-11-07 14:37:39 -0600
Processing by MainController#index as HTML
  Rendered main/index.html.erb within layouts/application (0.9ms)
Completed 200 OK in 613ms (Views: 612.2ms | ActiveRecord: 0.0ms)


Started GET "/assets/main.self-e3b0c44298fc1c149afbf4c8996fb92427ae41e4649b934ca495991b7852b855.css?body=1" for ::1 at 2015-11-07 14:37:40 -0600


Started GET "/assets/angular-route.self-f56298a407408f1817ca9aaedf3df5f45c47bbafb3c4f85641b8d0fd38581599.js?body=1" for ::1 at 2015-11-07 14:37:40 -0600


Started GET "/assets/angular.self-5657ace19fa32e4720c470d98deb20d67d0bd0221bdf5a4b447ab31e8249a65b.js?body=1" for ::1 at 2015-11-07 14:37:40 -0600


Started GET "/assets/jquery_ujs.self-d456baa54c1fa6be2ec3711f0a72ddf7a5b2f34a6b4f515f33767d6207b7d4b3.js?body=1" for ::1 at 2015-11-07 14:37:40 -0600


Started GET "/assets/application.self-e80e8f2318043e8af94dddc2adad5a4f09739a8ebb323b3ab31cd71d45fd9113.css?body=1" for ::1 at 2015-11-07 14:37:40 -0600


Started GET "/assets/jquery.self-a714331225dda820228db323939889f149aec0127aeb06255646b616ba1ca419.js?body=1" for ::1 at 2015-11-07 14:37:40 -0600


Started GET "/assets/application.self-f8806224e027f3e3f0138ea9ce99319e298dfdb323304d1f1be6eae8e8c74724.js?body=1" for ::1 at 2015-11-07 14:37:40 -0600


Started GET "/assets/app.self-35d87ae0808f3112befa4ef5f9af19ad0edb482affd96c6b00a27dc0694074da.js?body=1" for ::1 at 2015-11-07 14:37:40 -0600


Started GET "/" for ::1 at 2015-11-07 15:03:32 -0600
Processing by MainController#index as HTML
  Rendered main/index.html.erb within layouts/application (0.3ms)
Completed 200 OK in 374ms (Views: 373.6ms | ActiveRecord: 0.0ms)


Started GET "/assets/main.self-e3b0c44298fc1c149afbf4c8996fb92427ae41e4649b934ca495991b7852b855.css?body=1" for ::1 at 2015-11-07 15:03:32 -0600


Started GET "/assets/jquery.self-a714331225dda820228db323939889f149aec0127aeb06255646b616ba1ca419.js?body=1" for ::1 at 2015-11-07 15:03:32 -0600


Started GET "/assets/jquery_ujs.self-d456baa54c1fa6be2ec3711f0a72ddf7a5b2f34a6b4f515f33767d6207b7d4b3.js?body=1" for ::1 at 2015-11-07 15:03:32 -0600


Started GET "/assets/angular-route.self-f56298a407408f1817ca9aaedf3df5f45c47bbafb3c4f85641b8d0fd38581599.js?body=1" for ::1 at 2015-11-07 15:03:32 -0600


Started GET "/assets/application.self-e80e8f2318043e8af94dddc2adad5a4f09739a8ebb323b3ab31cd71d45fd9113.css?body=1" for ::1 at 2015-11-07 15:03:32 -0600


Started GET "/assets/angular.self-5657ace19fa32e4720c470d98deb20d67d0bd0221bdf5a4b447ab31e8249a65b.js?body=1" for ::1 at 2015-11-07 15:03:32 -0600


Started GET "/assets/app.self-0cf093c46585d93c5f3ac4d707f6f0cd8d0700222b1cfc040cb5c4399a701f59.js?body=1" for ::1 at 2015-11-07 15:03:32 -0600


Started GET "/assets/application.self-16c207b3ca1b52afcfc7f4b662487caf1bbe084a6656bb15f693ab9de2d11be7.js?body=1" for ::1 at 2015-11-07 15:03:32 -0600


Started GET "/assets/controllers/PracticeCtrl.self-7051b15cda05e88f9bbb3a86a3aa85ebd0ce515c8f4cb21a64670306266b62c5.js?body=1" for ::1 at 2015-11-07 15:03:32 -0600


Started GET "/assets/angularPractice.html" for ::1 at 2015-11-07 15:03:32 -0600

ActionController::RoutingError (No route matches [GET] "/assets/angularPractice.html"):
  actionpack (4.2.3) lib/action_dispatch/middleware/debug_exceptions.rb:21:in `call'
  web-console (2.2.1) lib/web_console/middleware.rb:39:in `call'
  actionpack (4.2.3) lib/action_dispatch/middleware/show_exceptions.rb:30:in `call'
  railties (4.2.3) lib/rails/rack/logger.rb:38:in `call_app'
  railties (4.2.3) lib/rails/rack/logger.rb:20:in `block in call'
  activesupport (4.2.3) lib/active_support/tagged_logging.rb:68:in `block in tagged'
  activesupport (4.2.3) lib/active_support/tagged_logging.rb:26:in `tagged'
  activesupport (4.2.3) lib/active_support/tagged_logging.rb:68:in `tagged'
  railties (4.2.3) lib/rails/rack/logger.rb:20:in `call'
  actionpack (4.2.3) lib/action_dispatch/middleware/request_id.rb:21:in `call'
  rack (1.6.4) lib/rack/methodoverride.rb:22:in `call'
  rack (1.6.4) lib/rack/runtime.rb:18:in `call'
  activesupport (4.2.3) lib/active_support/cache/strategy/local_cache_middleware.rb:28:in `call'
  rack (1.6.4) lib/rack/lock.rb:17:in `call'
  actionpack (4.2.3) lib/action_dispatch/middleware/static.rb:116:in `call'
  rack (1.6.4) lib/rack/sendfile.rb:113:in `call'
  railties (4.2.3) lib/rails/engine.rb:518:in `call'
  railties (4.2.3) lib/rails/application.rb:165:in `call'
  rack (1.6.4) lib/rack/lock.rb:17:in `call'
  rack (1.6.4) lib/rack/content_length.rb:15:in `call'
  rack (1.6.4) lib/rack/handler/webrick.rb:88:in `service'
  /Users/bdipaola/.rbenv/versions/2.0.0-p481/lib/ruby/2.0.0/webrick/httpserver.rb:138:in `service'
  /Users/bdipaola/.rbenv/versions/2.0.0-p481/lib/ruby/2.0.0/webrick/httpserver.rb:94:in `run'
  /Users/bdipaola/.rbenv/versions/2.0.0-p481/lib/ruby/2.0.0/webrick/server.rb:295:in `block in start_thread'


  Rendered /Users/bdipaola/.rbenv/versions/2.0.0-p481/lib/ruby/gems/2.0.0/gems/actionpack-4.2.3/lib/action_dispatch/middleware/templates/rescues/_trace.html.erb (3.2ms)
  Rendered /Users/bdipaola/.rbenv/versions/2.0.0-p481/lib/ruby/gems/2.0.0/gems/actionpack-4.2.3/lib/action_dispatch/middleware/templates/routes/_route.html.erb (1.1ms)
  Rendered /Users/bdipaola/.rbenv/versions/2.0.0-p481/lib/ruby/gems/2.0.0/gems/actionpack-4.2.3/lib/action_dispatch/middleware/templates/routes/_table.html.erb (9.5ms)
  Rendered /Users/bdipaola/.rbenv/versions/2.0.0-p481/lib/ruby/gems/2.0.0/gems/actionpack-4.2.3/lib/action_dispatch/middleware/templates/rescues/_request_and_response.html.erb (2.5ms)
  Rendered /Users/bdipaola/.rbenv/versions/2.0.0-p481/lib/ruby/gems/2.0.0/gems/actionpack-4.2.3/lib/action_dispatch/middleware/templates/rescues/routing_error.html.erb within rescues/layout (57.1ms)
  Rendered /Users/bdipaola/.rbenv/versions/2.0.0-p481/lib/ruby/gems/2.0.0/gems/web-console-2.2.1/lib/web_console/templates/_markup.html.erb (0.7ms)
  Rendered /Users/bdipaola/.rbenv/versions/2.0.0-p481/lib/ruby/gems/2.0.0/gems/web-console-2.2.1/lib/web_console/templates/_inner_console_markup.html.erb within layouts/inlined_string (0.5ms)
  Rendered /Users/bdipaola/.rbenv/versions/2.0.0-p481/lib/ruby/gems/2.0.0/gems/web-console-2.2.1/lib/web_console/templates/_prompt_box_markup.html.erb within layouts/inlined_string (0.4ms)
  Rendered /Users/bdipaola/.rbenv/versions/2.0.0-p481/lib/ruby/gems/2.0.0/gems/web-console-2.2.1/lib/web_console/templates/style.css.erb within layouts/inlined_string (0.4ms)
  Rendered /Users/bdipaola/.rbenv/versions/2.0.0-p481/lib/ruby/gems/2.0.0/gems/web-console-2.2.1/lib/web_console/templates/console.js.erb within layouts/javascript (25.3ms)
  Rendered /Users/bdipaola/.rbenv/versions/2.0.0-p481/lib/ruby/gems/2.0.0/gems/web-console-2.2.1/lib/web_console/templates/main.js.erb within layouts/javascript (0.3ms)
  Rendered /Users/bdipaola/.rbenv/versions/2.0.0-p481/lib/ruby/gems/2.0.0/gems/web-console-2.2.1/lib/web_console/templates/error_page.js.erb within layouts/javascript (0.7ms)
  Rendered /Users/bdipaola/.rbenv/versions/2.0.0-p481/lib/ruby/gems/2.0.0/gems/web-console-2.2.1/lib/web_console/templates/index.html.erb (48.6ms)


Started GET "/" for ::1 at 2015-11-07 15:05:50 -0600
Processing by MainController#index as HTML
  Rendered main/index.html.erb within layouts/application (0.9ms)
Completed 200 OK in 969ms (Views: 969.0ms | ActiveRecord: 0.0ms)


Started GET "/assets/angularPractice.html" for ::1 at 2015-11-07 15:05:52 -0600


Started GET "/" for ::1 at 2015-11-07 15:13:34 -0600
Processing by MainController#index as HTML
  Rendered main/index.html.erb within layouts/application (0.1ms)
Completed 200 OK in 341ms (Views: 340.4ms | ActiveRecord: 0.0ms)


Started GET "/assets/main.self-e3b0c44298fc1c149afbf4c8996fb92427ae41e4649b934ca495991b7852b855.css?body=1" for ::1 at 2015-11-07 15:13:34 -0600


Started GET "/assets/jquery.self-a714331225dda820228db323939889f149aec0127aeb06255646b616ba1ca419.js?body=1" for ::1 at 2015-11-07 15:13:34 -0600


Started GET "/assets/application.self-e80e8f2318043e8af94dddc2adad5a4f09739a8ebb323b3ab31cd71d45fd9113.css?body=1" for ::1 at 2015-11-07 15:13:34 -0600


Started GET "/assets/angular-route.self-f56298a407408f1817ca9aaedf3df5f45c47bbafb3c4f85641b8d0fd38581599.js?body=1" for ::1 at 2015-11-07 15:13:34 -0600


Started GET "/assets/angular.self-5657ace19fa32e4720c470d98deb20d67d0bd0221bdf5a4b447ab31e8249a65b.js?body=1" for ::1 at 2015-11-07 15:13:34 -0600


Started GET "/assets/jquery_ujs.self-d456baa54c1fa6be2ec3711f0a72ddf7a5b2f34a6b4f515f33767d6207b7d4b3.js?body=1" for ::1 at 2015-11-07 15:13:34 -0600


Started GET "/assets/app.self-0cf093c46585d93c5f3ac4d707f6f0cd8d0700222b1cfc040cb5c4399a701f59.js?body=1" for ::1 at 2015-11-07 15:13:34 -0600


Started GET "/assets/controllers/PracticeCtrl.self-534f85a6a7d4e981a950d10ed6deb8d49254206194a81b08a58c859d084a689b.js?body=1" for ::1 at 2015-11-07 15:13:34 -0600


Started GET "/assets/application.self-16c207b3ca1b52afcfc7f4b662487caf1bbe084a6656bb15f693ab9de2d11be7.js?body=1" for ::1 at 2015-11-07 15:13:34 -0600


Started GET "/assets/jquery_ujs.self-d456baa54c1fa6be2ec3711f0a72ddf7a5b2f34a6b4f515f33767d6207b7d4b3.js?body=1" for ::1 at 2015-11-07 15:13:34 -0600


Started GET "/assets/angular.self-5657ace19fa32e4720c470d98deb20d67d0bd0221bdf5a4b447ab31e8249a65b.js?body=1" for ::1 at 2015-11-07 15:13:34 -0600


Started GET "/assets/app.self-0cf093c46585d93c5f3ac4d707f6f0cd8d0700222b1cfc040cb5c4399a701f59.js?body=1" for ::1 at 2015-11-07 15:13:34 -0600


Started GET "/assets/controllers/PracticeCtrl.self-534f85a6a7d4e981a950d10ed6deb8d49254206194a81b08a58c859d084a689b.js?body=1" for ::1 at 2015-11-07 15:13:34 -0600


Started GET "/assets/application.self-16c207b3ca1b52afcfc7f4b662487caf1bbe084a6656bb15f693ab9de2d11be7.js?body=1" for ::1 at 2015-11-07 15:13:34 -0600


Started GET "/assets/angularPractice.html" for ::1 at 2015-11-07 15:13:34 -0600


Started GET "/" for ::1 at 2015-11-07 15:15:39 -0600
Processing by MainController#index as HTML
  Rendered main/index.html.erb within layouts/application (0.1ms)
Completed 200 OK in 33ms (Views: 32.7ms | ActiveRecord: 0.0ms)


Started GET "/assets/main.self-e3b0c44298fc1c149afbf4c8996fb92427ae41e4649b934ca495991b7852b855.css?body=1" for ::1 at 2015-11-07 15:15:39 -0600


Started GET "/assets/angular-route.self-f56298a407408f1817ca9aaedf3df5f45c47bbafb3c4f85641b8d0fd38581599.js?body=1" for ::1 at 2015-11-07 15:15:39 -0600


Started GET "/assets/jquery_ujs.self-d456baa54c1fa6be2ec3711f0a72ddf7a5b2f34a6b4f515f33767d6207b7d4b3.js?body=1" for ::1 at 2015-11-07 15:15:39 -0600


Started GET "/assets/app.self-0cf093c46585d93c5f3ac4d707f6f0cd8d0700222b1cfc040cb5c4399a701f59.js?body=1" for ::1 at 2015-11-07 15:15:39 -0600


Started GET "/assets/angular.self-5657ace19fa32e4720c470d98deb20d67d0bd0221bdf5a4b447ab31e8249a65b.js?body=1" for ::1 at 2015-11-07 15:15:39 -0600


Started GET "/assets/jquery.self-a714331225dda820228db323939889f149aec0127aeb06255646b616ba1ca419.js?body=1" for ::1 at 2015-11-07 15:15:39 -0600


Started GET "/assets/application.self-e80e8f2318043e8af94dddc2adad5a4f09739a8ebb323b3ab31cd71d45fd9113.css?body=1" for ::1 at 2015-11-07 15:15:39 -0600


Started GET "/assets/controllers/PracticeCtrl.self-534f85a6a7d4e981a950d10ed6deb8d49254206194a81b08a58c859d084a689b.js?body=1" for ::1 at 2015-11-07 15:15:39 -0600


Started GET "/assets/application.self-16c207b3ca1b52afcfc7f4b662487caf1bbe084a6656bb15f693ab9de2d11be7.js?body=1" for ::1 at 2015-11-07 15:15:39 -0600


Started GET "/assets/controllers/PracticeCtrl.self-534f85a6a7d4e981a950d10ed6deb8d49254206194a81b08a58c859d084a689b.js?body=1" for ::1 at 2015-11-07 15:15:39 -0600


Started GET "/assets/angularPractice.html" for ::1 at 2015-11-07 15:15:39 -0600
  [1m[36m (31.3ms)[0m  [1mCREATE TABLE "schema_migrations" ("version" character varying NOT NULL) [0m
  [1m[35m (1.8ms)[0m  CREATE UNIQUE INDEX  "unique_schema_migrations" ON "schema_migrations"  ("version")
  [1m[36mActiveRecord::SchemaMigration Load (0.3ms)[0m  [1mSELECT "schema_migrations".* FROM "schema_migrations"[0m
Migrating to CreateShows (20151107211916)
  [1m[35m (0.1ms)[0m  BEGIN
  [1m[36m (6.5ms)[0m  [1mCREATE TABLE "shows" ("id" serial primary key, "title" character varying, "genre" character varying, "created_at" timestamp NOT NULL, "updated_at" timestamp NOT NULL) [0m
  [1m[35mSQL (0.7ms)[0m  INSERT INTO "schema_migrations" ("version") VALUES ($1)  [["version", "20151107211916"]]
  [1m[36m (0.5ms)[0m  [1mCOMMIT[0m
  [1m[35mActiveRecord::SchemaMigration Load (0.2ms)[0m  SELECT "schema_migrations".* FROM "schema_migrations"
  [1m[36m (2.2ms)[0m  [1mSELECT t2.oid::regclass::text AS to_table, a1.attname AS column, a2.attname AS primary_key, c.conname AS name, c.confupdtype AS on_update, c.confdeltype AS on_delete
FROM pg_constraint c
JOIN pg_class t1 ON c.conrelid = t1.oid
JOIN pg_class t2 ON c.confrelid = t2.oid
JOIN pg_attribute a1 ON a1.attnum = c.conkey[1] AND a1.attrelid = t1.oid
JOIN pg_attribute a2 ON a2.attnum = c.confkey[1] AND a2.attrelid = t2.oid
JOIN pg_namespace t3 ON c.connamespace = t3.oid
WHERE c.contype = 'f'
  AND t1.relname = 'shows'
  AND t3.nspname = ANY (current_schemas(false))
ORDER BY c.conname
[0m


Started GET "/" for ::1 at 2015-11-07 15:26:32 -0600
  [1m[36mActiveRecord::SchemaMigration Load (0.3ms)[0m  [1mSELECT "schema_migrations".* FROM "schema_migrations"[0m
Processing by MainController#index as HTML
  Rendered main/index.html.erb within layouts/application (0.8ms)
Completed 200 OK in 688ms (Views: 687.7ms | ActiveRecord: 0.0ms)


Started GET "/assets/app.self-29d081c9ca157ff9b465adefbb0ac9baf8ff3dad02a49e51cd8cada545491289.js?body=1" for ::1 at 2015-11-07 15:26:33 -0600


Started GET "/assets/show.self-e3b0c44298fc1c149afbf4c8996fb92427ae41e4649b934ca495991b7852b855.css?body=1" for ::1 at 2015-11-07 15:26:33 -0600


Started GET "/assets/main.self-e3b0c44298fc1c149afbf4c8996fb92427ae41e4649b934ca495991b7852b855.css?body=1" for ::1 at 2015-11-07 15:26:33 -0600


Started GET "/assets/controllers/ShowsCtrl.self-e3b0c44298fc1c149afbf4c8996fb92427ae41e4649b934ca495991b7852b855.js?body=1" for ::1 at 2015-11-07 15:26:33 -0600


Started GET "/assets/application.self-e80e8f2318043e8af94dddc2adad5a4f09739a8ebb323b3ab31cd71d45fd9113.css?body=1" for ::1 at 2015-11-07 15:26:33 -0600


Started GET "/assets/jquery.self-a714331225dda820228db323939889f149aec0127aeb06255646b616ba1ca419.js?body=1" for ::1 at 2015-11-07 15:26:33 -0600


Started GET "/assets/jquery_ujs.self-d456baa54c1fa6be2ec3711f0a72ddf7a5b2f34a6b4f515f33767d6207b7d4b3.js?body=1" for ::1 at 2015-11-07 15:26:33 -0600


Started GET "/assets/angular.self-5657ace19fa32e4720c470d98deb20d67d0bd0221bdf5a4b447ab31e8249a65b.js?body=1" for ::1 at 2015-11-07 15:26:33 -0600


Started GET "/assets/angular-route.self-f56298a407408f1817ca9aaedf3df5f45c47bbafb3c4f85641b8d0fd38581599.js?body=1" for ::1 at 2015-11-07 15:26:33 -0600


Started GET "/assets/controllers/PracticeCtrl.self-534f85a6a7d4e981a950d10ed6deb8d49254206194a81b08a58c859d084a689b.js?body=1" for ::1 at 2015-11-07 15:26:33 -0600


Started GET "/assets/application.self-16c207b3ca1b52afcfc7f4b662487caf1bbe084a6656bb15f693ab9de2d11be7.js?body=1" for ::1 at 2015-11-07 15:26:33 -0600


Started GET "/assets/angularShows.html" for ::1 at 2015-11-07 15:26:33 -0600


Started GET "/" for ::1 at 2015-11-07 15:31:11 -0600
Processing by MainController#index as HTML
  Rendered main/index.html.erb within layouts/application (0.1ms)
Completed 200 OK in 358ms (Views: 357.2ms | ActiveRecord: 0.0ms)


Started GET "/assets/main.self-e3b0c44298fc1c149afbf4c8996fb92427ae41e4649b934ca495991b7852b855.css?body=1" for ::1 at 2015-11-07 15:31:11 -0600


Started GET "/assets/show.self-e3b0c44298fc1c149afbf4c8996fb92427ae41e4649b934ca495991b7852b855.css?body=1" for ::1 at 2015-11-07 15:31:11 -0600


Started GET "/assets/jquery_ujs.self-d456baa54c1fa6be2ec3711f0a72ddf7a5b2f34a6b4f515f33767d6207b7d4b3.js?body=1" for ::1 at 2015-11-07 15:31:11 -0600


Started GET "/assets/jquery.self-a714331225dda820228db323939889f149aec0127aeb06255646b616ba1ca419.js?body=1" for ::1 at 2015-11-07 15:31:11 -0600


Started GET "/assets/application.self-e80e8f2318043e8af94dddc2adad5a4f09739a8ebb323b3ab31cd71d45fd9113.css?body=1" for ::1 at 2015-11-07 15:31:11 -0600


Started GET "/assets/angular.self-5657ace19fa32e4720c470d98deb20d67d0bd0221bdf5a4b447ab31e8249a65b.js?body=1" for ::1 at 2015-11-07 15:31:11 -0600


Started GET "/assets/angular-route.self-f56298a407408f1817ca9aaedf3df5f45c47bbafb3c4f85641b8d0fd38581599.js?body=1" for ::1 at 2015-11-07 15:31:11 -0600


Started GET "/assets/app.self-29d081c9ca157ff9b465adefbb0ac9baf8ff3dad02a49e51cd8cada545491289.js?body=1" for ::1 at 2015-11-07 15:31:11 -0600


Started GET "/assets/controllers/PracticeCtrl.self-534f85a6a7d4e981a950d10ed6deb8d49254206194a81b08a58c859d084a689b.js?body=1" for ::1 at 2015-11-07 15:31:11 -0600


Started GET "/assets/application.self-16c207b3ca1b52afcfc7f4b662487caf1bbe084a6656bb15f693ab9de2d11be7.js?body=1" for ::1 at 2015-11-07 15:31:11 -0600


Started GET "/assets/controllers/ShowsCtrl.self-12c377b9629f6de5b57b80815d9f8f48854a443f346a218a0b8839b7484f3531.js?body=1" for ::1 at 2015-11-07 15:31:11 -0600


Started GET "/assets/angular-route.self-f56298a407408f1817ca9aaedf3df5f45c47bbafb3c4f85641b8d0fd38581599.js?body=1" for ::1 at 2015-11-07 15:31:11 -0600


Started GET "/assets/app.self-29d081c9ca157ff9b465adefbb0ac9baf8ff3dad02a49e51cd8cada545491289.js?body=1" for ::1 at 2015-11-07 15:31:11 -0600


Started GET "/assets/controllers/PracticeCtrl.self-534f85a6a7d4e981a950d10ed6deb8d49254206194a81b08a58c859d084a689b.js?body=1" for ::1 at 2015-11-07 15:31:11 -0600


Started GET "/assets/controllers/ShowsCtrl.self-12c377b9629f6de5b57b80815d9f8f48854a443f346a218a0b8839b7484f3531.js?body=1" for ::1 at 2015-11-07 15:31:11 -0600


Started GET "/assets/application.self-16c207b3ca1b52afcfc7f4b662487caf1bbe084a6656bb15f693ab9de2d11be7.js?body=1" for ::1 at 2015-11-07 15:31:11 -0600


Started GET "/assets/angularShows.html" for ::1 at 2015-11-07 15:31:11 -0600


Started GET "/" for ::1 at 2015-11-07 15:31:25 -0600
  [1m[36mActiveRecord::SchemaMigration Load (0.3ms)[0m  [1mSELECT "schema_migrations".* FROM "schema_migrations"[0m
Processing by MainController#index as HTML
  Rendered main/index.html.erb within layouts/application (0.9ms)
Completed 200 OK in 354ms (Views: 353.8ms | ActiveRecord: 0.0ms)


Started GET "/assets/main.self-e3b0c44298fc1c149afbf4c8996fb92427ae41e4649b934ca495991b7852b855.css?body=1" for ::1 at 2015-11-07 15:31:25 -0600


Started GET "/assets/application.self-e80e8f2318043e8af94dddc2adad5a4f09739a8ebb323b3ab31cd71d45fd9113.css?body=1" for ::1 at 2015-11-07 15:31:25 -0600


Started GET "/assets/show.self-e3b0c44298fc1c149afbf4c8996fb92427ae41e4649b934ca495991b7852b855.css?body=1" for ::1 at 2015-11-07 15:31:25 -0600


Started GET "/assets/jquery_ujs.self-d456baa54c1fa6be2ec3711f0a72ddf7a5b2f34a6b4f515f33767d6207b7d4b3.js?body=1" for ::1 at 2015-11-07 15:31:25 -0600


Started GET "/assets/angular.self-5657ace19fa32e4720c470d98deb20d67d0bd0221bdf5a4b447ab31e8249a65b.js?body=1" for ::1 at 2015-11-07 15:31:25 -0600


Started GET "/assets/jquery.self-a714331225dda820228db323939889f149aec0127aeb06255646b616ba1ca419.js?body=1" for ::1 at 2015-11-07 15:31:25 -0600


Started GET "/assets/angular-route.self-f56298a407408f1817ca9aaedf3df5f45c47bbafb3c4f85641b8d0fd38581599.js?body=1" for ::1 at 2015-11-07 15:31:25 -0600


Started GET "/assets/app.self-29d081c9ca157ff9b465adefbb0ac9baf8ff3dad02a49e51cd8cada545491289.js?body=1" for ::1 at 2015-11-07 15:31:25 -0600


Started GET "/assets/controllers/PracticeCtrl.self-534f85a6a7d4e981a950d10ed6deb8d49254206194a81b08a58c859d084a689b.js?body=1" for ::1 at 2015-11-07 15:31:25 -0600


Started GET "/assets/controllers/ShowsCtrl.self-12c377b9629f6de5b57b80815d9f8f48854a443f346a218a0b8839b7484f3531.js?body=1" for ::1 at 2015-11-07 15:31:25 -0600


Started GET "/assets/application.self-16c207b3ca1b52afcfc7f4b662487caf1bbe084a6656bb15f693ab9de2d11be7.js?body=1" for ::1 at 2015-11-07 15:31:25 -0600


Started GET "/assets/angular.self-5657ace19fa32e4720c470d98deb20d67d0bd0221bdf5a4b447ab31e8249a65b.js?body=1" for ::1 at 2015-11-07 15:31:25 -0600


Started GET "/assets/angular-route.self-f56298a407408f1817ca9aaedf3df5f45c47bbafb3c4f85641b8d0fd38581599.js?body=1" for ::1 at 2015-11-07 15:31:26 -0600


Started GET "/assets/angularShows.html" for ::1 at 2015-11-07 15:31:26 -0600


Started GET "/" for ::1 at 2015-11-07 15:31:37 -0600
Processing by MainController#index as HTML
  Rendered main/index.html.erb within layouts/application (0.1ms)
Completed 200 OK in 298ms (Views: 297.8ms | ActiveRecord: 0.0ms)


Started GET "/assets/main.self-e3b0c44298fc1c149afbf4c8996fb92427ae41e4649b934ca495991b7852b855.css?body=1" for ::1 at 2015-11-07 15:31:37 -0600


Started GET "/assets/show.self-e3b0c44298fc1c149afbf4c8996fb92427ae41e4649b934ca495991b7852b855.css?body=1" for ::1 at 2015-11-07 15:31:37 -0600


Started GET "/assets/jquery.self-a714331225dda820228db323939889f149aec0127aeb06255646b616ba1ca419.js?body=1" for ::1 at 2015-11-07 15:31:37 -0600


Started GET "/assets/application.self-e80e8f2318043e8af94dddc2adad5a4f09739a8ebb323b3ab31cd71d45fd9113.css?body=1" for ::1 at 2015-11-07 15:31:37 -0600


Started GET "/assets/jquery_ujs.self-d456baa54c1fa6be2ec3711f0a72ddf7a5b2f34a6b4f515f33767d6207b7d4b3.js?body=1" for ::1 at 2015-11-07 15:31:37 -0600


Started GET "/assets/angular.self-5657ace19fa32e4720c470d98deb20d67d0bd0221bdf5a4b447ab31e8249a65b.js?body=1" for ::1 at 2015-11-07 15:31:37 -0600


Started GET "/assets/angular-route.self-f56298a407408f1817ca9aaedf3df5f45c47bbafb3c4f85641b8d0fd38581599.js?body=1" for ::1 at 2015-11-07 15:31:37 -0600


Started GET "/assets/app.self-29d081c9ca157ff9b465adefbb0ac9baf8ff3dad02a49e51cd8cada545491289.js?body=1" for ::1 at 2015-11-07 15:31:37 -0600


Started GET "/assets/controllers/PracticeCtrl.self-534f85a6a7d4e981a950d10ed6deb8d49254206194a81b08a58c859d084a689b.js?body=1" for ::1 at 2015-11-07 15:31:37 -0600


Started GET "/assets/controllers/ShowsCtrl.self-48222de84bd0512b6a89742b0fc2c168b89efee80744587e6c87015392025114.js?body=1" for ::1 at 2015-11-07 15:31:37 -0600


Started GET "/assets/application.self-16c207b3ca1b52afcfc7f4b662487caf1bbe084a6656bb15f693ab9de2d11be7.js?body=1" for ::1 at 2015-11-07 15:31:37 -0600


Started GET "/assets/angular-route.self-f56298a407408f1817ca9aaedf3df5f45c47bbafb3c4f85641b8d0fd38581599.js?body=1" for ::1 at 2015-11-07 15:31:37 -0600


Started GET "/assets/angularShows.html" for ::1 at 2015-11-07 15:31:37 -0600
  [1m[36mActiveRecord::SchemaMigration Load (0.3ms)[0m  [1mSELECT "schema_migrations".* FROM "schema_migrations"[0m
  [1m[35m (0.1ms)[0m  BEGIN
  [1m[36mSQL (1.4ms)[0m  [1mINSERT INTO "shows" ("title", "genre", "created_at", "updated_at") VALUES ($1, $2, $3, $4) RETURNING "id"[0m  [["title", "magic the powers"], ["genre", "auto-biography"], ["created_at", "2015-11-07 21:41:07.815997"], ["updated_at", "2015-11-07 21:41:07.815997"]]
  [1m[35m (0.4ms)[0m  COMMIT
  [1m[36m (0.1ms)[0m  [1mBEGIN[0m
  [1m[35mSQL (0.1ms)[0m  INSERT INTO "shows" ("title", "genre", "created_at", "updated_at") VALUES ($1, $2, $3, $4) RETURNING "id"  [["title", "lola the lead"], ["genre", "horror"], ["created_at", "2015-11-07 21:41:07.822003"], ["updated_at", "2015-11-07 21:41:07.822003"]]
  [1m[36m (0.3ms)[0m  [1mCOMMIT[0m
  [1m[35m (0.1ms)[0m  BEGIN
  [1m[36mSQL (0.2ms)[0m  [1mINSERT INTO "shows" ("title", "genre", "created_at", "updated_at") VALUES ($1, $2, $3, $4) RETURNING "id"[0m  [["title", "huy the follower"], ["genre", "science-fiction"], ["created_at", "2015-11-07 21:41:07.823682"], ["updated_at", "2015-11-07 21:41:07.823682"]]
  [1m[35m (0.3ms)[0m  COMMIT
  [1m[36m (0.1ms)[0m  [1mBEGIN[0m
  [1m[35mSQL (0.2ms)[0m  INSERT INTO "shows" ("title", "genre", "created_at", "updated_at") VALUES ($1, $2, $3, $4) RETURNING "id"  [["title", "ben the unemployed"], ["genre", "horror"], ["created_at", "2015-11-07 21:41:07.825179"], ["updated_at", "2015-11-07 21:41:07.825179"]]
  [1m[36m (0.3ms)[0m  [1mCOMMIT[0m
  [1m[36mShow Load (0.4ms)[0m  [1mSELECT "shows".* FROM "shows"[0m


Started GET "/" for ::1 at 2015-11-07 15:43:40 -0600
  [1m[36mActiveRecord::SchemaMigration Load (0.3ms)[0m  [1mSELECT "schema_migrations".* FROM "schema_migrations"[0m
Processing by MainController#index as HTML
  Rendered main/index.html.erb within layouts/application (0.9ms)
Completed 200 OK in 613ms (Views: 612.9ms | ActiveRecord: 0.0ms)


Started GET "/assets/controllers/ShowsCtrl.self-57e96ac664f6427c89da35ad936334403e07dec2797479072dcb3e82e8f6a7ce.js?body=1" for ::1 at 2015-11-07 15:43:41 -0600


Started GET "/assets/angularPractice.html" for ::1 at 2015-11-07 15:43:41 -0600


Started GET "/" for ::1 at 2015-11-07 15:44:23 -0600
Processing by MainController#index as HTML
  Rendered main/index.html.erb within layouts/application (0.1ms)
Completed 200 OK in 304ms (Views: 303.4ms | ActiveRecord: 0.0ms)


Started GET "/assets/main.self-e3b0c44298fc1c149afbf4c8996fb92427ae41e4649b934ca495991b7852b855.css?body=1" for ::1 at 2015-11-07 15:44:23 -0600


Started GET "/assets/angular.self-5657ace19fa32e4720c470d98deb20d67d0bd0221bdf5a4b447ab31e8249a65b.js?body=1" for ::1 at 2015-11-07 15:44:23 -0600


Started GET "/assets/jquery_ujs.self-d456baa54c1fa6be2ec3711f0a72ddf7a5b2f34a6b4f515f33767d6207b7d4b3.js?body=1" for ::1 at 2015-11-07 15:44:23 -0600


Started GET "/assets/angular-route.self-f56298a407408f1817ca9aaedf3df5f45c47bbafb3c4f85641b8d0fd38581599.js?body=1" for ::1 at 2015-11-07 15:44:23 -0600


Started GET "/assets/app.self-29d081c9ca157ff9b465adefbb0ac9baf8ff3dad02a49e51cd8cada545491289.js?body=1" for ::1 at 2015-11-07 15:44:23 -0600


Started GET "/assets/jquery.self-a714331225dda820228db323939889f149aec0127aeb06255646b616ba1ca419.js?body=1" for ::1 at 2015-11-07 15:44:23 -0600


Started GET "/assets/application.self-e80e8f2318043e8af94dddc2adad5a4f09739a8ebb323b3ab31cd71d45fd9113.css?body=1" for ::1 at 2015-11-07 15:44:23 -0600


Started GET "/assets/show.self-e3b0c44298fc1c149afbf4c8996fb92427ae41e4649b934ca495991b7852b855.css?body=1" for ::1 at 2015-11-07 15:44:23 -0600


Started GET "/assets/controllers/PracticeCtrl.self-534f85a6a7d4e981a950d10ed6deb8d49254206194a81b08a58c859d084a689b.js?body=1" for ::1 at 2015-11-07 15:44:23 -0600


Started GET "/assets/controllers/ShowsCtrl.self-c7651e9b88ab2d23b7c0d8b30237a72cfae76679bd025f34bd42790e430dc64a.js?body=1" for ::1 at 2015-11-07 15:44:23 -0600


Started GET "/assets/application.self-16c207b3ca1b52afcfc7f4b662487caf1bbe084a6656bb15f693ab9de2d11be7.js?body=1" for ::1 at 2015-11-07 15:44:23 -0600


Started GET "/assets/jquery_ujs.self-d456baa54c1fa6be2ec3711f0a72ddf7a5b2f34a6b4f515f33767d6207b7d4b3.js?body=1" for ::1 at 2015-11-07 15:44:23 -0600


Started GET "/assets/angular.self-5657ace19fa32e4720c470d98deb20d67d0bd0221bdf5a4b447ab31e8249a65b.js?body=1" for ::1 at 2015-11-07 15:44:23 -0600


Started GET "/assets/angular-route.self-f56298a407408f1817ca9aaedf3df5f45c47bbafb3c4f85641b8d0fd38581599.js?body=1" for ::1 at 2015-11-07 15:44:23 -0600


Started GET "/assets/app.self-29d081c9ca157ff9b465adefbb0ac9baf8ff3dad02a49e51cd8cada545491289.js?body=1" for ::1 at 2015-11-07 15:44:23 -0600


Started GET "/assets/angularPractice.html" for ::1 at 2015-11-07 15:44:24 -0600


Started GET "/assets/angularShows.html" for ::1 at 2015-11-07 15:44:31 -0600


Started GET "/shows.json" for ::1 at 2015-11-07 15:44:31 -0600

ActionController::RoutingError (uninitialized constant ShowsController):
  activesupport (4.2.3) lib/active_support/inflector/methods.rb:261:in `const_get'
  activesupport (4.2.3) lib/active_support/inflector/methods.rb:261:in `block in constantize'
  activesupport (4.2.3) lib/active_support/inflector/methods.rb:259:in `each'
  activesupport (4.2.3) lib/active_support/inflector/methods.rb:259:in `inject'
  activesupport (4.2.3) lib/active_support/inflector/methods.rb:259:in `constantize'
  actionpack (4.2.3) lib/action_dispatch/routing/route_set.rb:72:in `controller_reference'
  actionpack (4.2.3) lib/action_dispatch/routing/route_set.rb:62:in `controller'
  actionpack (4.2.3) lib/action_dispatch/routing/route_set.rb:41:in `serve'
  actionpack (4.2.3) lib/action_dispatch/journey/router.rb:43:in `block in serve'
  actionpack (4.2.3) lib/action_dispatch/journey/router.rb:30:in `each'
  actionpack (4.2.3) lib/action_dispatch/journey/router.rb:30:in `serve'
  actionpack (4.2.3) lib/action_dispatch/routing/route_set.rb:821:in `call'
  rack (1.6.4) lib/rack/etag.rb:24:in `call'
  rack (1.6.4) lib/rack/conditionalget.rb:25:in `call'
  rack (1.6.4) lib/rack/head.rb:13:in `call'
  actionpack (4.2.3) lib/action_dispatch/middleware/params_parser.rb:27:in `call'
  actionpack (4.2.3) lib/action_dispatch/middleware/flash.rb:260:in `call'
  rack (1.6.4) lib/rack/session/abstract/id.rb:225:in `context'
  rack (1.6.4) lib/rack/session/abstract/id.rb:220:in `call'
  actionpack (4.2.3) lib/action_dispatch/middleware/cookies.rb:560:in `call'
  activerecord (4.2.3) lib/active_record/query_cache.rb:36:in `call'
  activerecord (4.2.3) lib/active_record/connection_adapters/abstract/connection_pool.rb:653:in `call'
  activerecord (4.2.3) lib/active_record/migration.rb:377:in `call'
  actionpack (4.2.3) lib/action_dispatch/middleware/callbacks.rb:29:in `block in call'
  activesupport (4.2.3) lib/active_support/callbacks.rb:84:in `run_callbacks'
  actionpack (4.2.3) lib/action_dispatch/middleware/callbacks.rb:27:in `call'
  actionpack (4.2.3) lib/action_dispatch/middleware/reloader.rb:73:in `call'
  actionpack (4.2.3) lib/action_dispatch/middleware/remote_ip.rb:78:in `call'
  actionpack (4.2.3) lib/action_dispatch/middleware/debug_exceptions.rb:17:in `call'
  web-console (2.2.1) lib/web_console/middleware.rb:39:in `call'
  actionpack (4.2.3) lib/action_dispatch/middleware/show_exceptions.rb:30:in `call'
  railties (4.2.3) lib/rails/rack/logger.rb:38:in `call_app'
  railties (4.2.3) lib/rails/rack/logger.rb:20:in `block in call'
  activesupport (4.2.3) lib/active_support/tagged_logging.rb:68:in `block in tagged'
  activesupport (4.2.3) lib/active_support/tagged_logging.rb:26:in `tagged'
  activesupport (4.2.3) lib/active_support/tagged_logging.rb:68:in `tagged'
  railties (4.2.3) lib/rails/rack/logger.rb:20:in `call'
  actionpack (4.2.3) lib/action_dispatch/middleware/request_id.rb:21:in `call'
  rack (1.6.4) lib/rack/methodoverride.rb:22:in `call'
  rack (1.6.4) lib/rack/runtime.rb:18:in `call'
  activesupport (4.2.3) lib/active_support/cache/strategy/local_cache_middleware.rb:28:in `call'
  rack (1.6.4) lib/rack/lock.rb:17:in `call'
  actionpack (4.2.3) lib/action_dispatch/middleware/static.rb:116:in `call'
  rack (1.6.4) lib/rack/sendfile.rb:113:in `call'
  railties (4.2.3) lib/rails/engine.rb:518:in `call'
  railties (4.2.3) lib/rails/application.rb:165:in `call'
  rack (1.6.4) lib/rack/lock.rb:17:in `call'
  rack (1.6.4) lib/rack/content_length.rb:15:in `call'
  rack (1.6.4) lib/rack/handler/webrick.rb:88:in `service'
  /Users/bdipaola/.rbenv/versions/2.0.0-p481/lib/ruby/2.0.0/webrick/httpserver.rb:138:in `service'
  /Users/bdipaola/.rbenv/versions/2.0.0-p481/lib/ruby/2.0.0/webrick/httpserver.rb:94:in `run'
  /Users/bdipaola/.rbenv/versions/2.0.0-p481/lib/ruby/2.0.0/webrick/server.rb:295:in `block in start_thread'


  Rendered /Users/bdipaola/.rbenv/versions/2.0.0-p481/lib/ruby/gems/2.0.0/gems/actionpack-4.2.3/lib/action_dispatch/middleware/templates/rescues/_trace.html.erb (1.3ms)
  Rendered /Users/bdipaola/.rbenv/versions/2.0.0-p481/lib/ruby/gems/2.0.0/gems/actionpack-4.2.3/lib/action_dispatch/middleware/templates/routes/_route.html.erb (0.8ms)
  Rendered /Users/bdipaola/.rbenv/versions/2.0.0-p481/lib/ruby/gems/2.0.0/gems/actionpack-4.2.3/lib/action_dispatch/middleware/templates/routes/_table.html.erb (6.1ms)
  Rendered /Users/bdipaola/.rbenv/versions/2.0.0-p481/lib/ruby/gems/2.0.0/gems/actionpack-4.2.3/lib/action_dispatch/middleware/templates/rescues/_request_and_response.html.erb (1.3ms)
  Rendered /Users/bdipaola/.rbenv/versions/2.0.0-p481/lib/ruby/gems/2.0.0/gems/actionpack-4.2.3/lib/action_dispatch/middleware/templates/rescues/routing_error.html.erb within rescues/layout (31.6ms)
  Rendered /Users/bdipaola/.rbenv/versions/2.0.0-p481/lib/ruby/gems/2.0.0/gems/web-console-2.2.1/lib/web_console/templates/_markup.html.erb (0.3ms)
  Rendered /Users/bdipaola/.rbenv/versions/2.0.0-p481/lib/ruby/gems/2.0.0/gems/web-console-2.2.1/lib/web_console/templates/_inner_console_markup.html.erb within layouts/inlined_string (0.3ms)
  Rendered /Users/bdipaola/.rbenv/versions/2.0.0-p481/lib/ruby/gems/2.0.0/gems/web-console-2.2.1/lib/web_console/templates/_prompt_box_markup.html.erb within layouts/inlined_string (0.2ms)
  Rendered /Users/bdipaola/.rbenv/versions/2.0.0-p481/lib/ruby/gems/2.0.0/gems/web-console-2.2.1/lib/web_console/templates/style.css.erb within layouts/inlined_string (0.3ms)
  Rendered /Users/bdipaola/.rbenv/versions/2.0.0-p481/lib/ruby/gems/2.0.0/gems/web-console-2.2.1/lib/web_console/templates/console.js.erb within layouts/javascript (16.2ms)
  Rendered /Users/bdipaola/.rbenv/versions/2.0.0-p481/lib/ruby/gems/2.0.0/gems/web-console-2.2.1/lib/web_console/templates/main.js.erb within layouts/javascript (0.3ms)
  Rendered /Users/bdipaola/.rbenv/versions/2.0.0-p481/lib/ruby/gems/2.0.0/gems/web-console-2.2.1/lib/web_console/templates/error_page.js.erb within layouts/javascript (0.3ms)
  Rendered /Users/bdipaola/.rbenv/versions/2.0.0-p481/lib/ruby/gems/2.0.0/gems/web-console-2.2.1/lib/web_console/templates/index.html.erb (35.1ms)


Started GET "/" for ::1 at 2015-11-07 15:46:41 -0600
Processing by MainController#index as HTML
  Rendered main/index.html.erb within layouts/application (0.1ms)
Completed 200 OK in 36ms (Views: 35.4ms | ActiveRecord: 0.0ms)


Started GET "/assets/main.self-e3b0c44298fc1c149afbf4c8996fb92427ae41e4649b934ca495991b7852b855.css?body=1" for ::1 at 2015-11-07 15:46:41 -0600


Started GET "/assets/show.self-e3b0c44298fc1c149afbf4c8996fb92427ae41e4649b934ca495991b7852b855.css?body=1" for ::1 at 2015-11-07 15:46:41 -0600


Started GET "/assets/application.self-e80e8f2318043e8af94dddc2adad5a4f09739a8ebb323b3ab31cd71d45fd9113.css?body=1" for ::1 at 2015-11-07 15:46:41 -0600


Started GET "/assets/jquery.self-a714331225dda820228db323939889f149aec0127aeb06255646b616ba1ca419.js?body=1" for ::1 at 2015-11-07 15:46:41 -0600


Started GET "/assets/jquery_ujs.self-d456baa54c1fa6be2ec3711f0a72ddf7a5b2f34a6b4f515f33767d6207b7d4b3.js?body=1" for ::1 at 2015-11-07 15:46:41 -0600


Started GET "/assets/angular.self-5657ace19fa32e4720c470d98deb20d67d0bd0221bdf5a4b447ab31e8249a65b.js?body=1" for ::1 at 2015-11-07 15:46:41 -0600


Started GET "/assets/angular-route.self-f56298a407408f1817ca9aaedf3df5f45c47bbafb3c4f85641b8d0fd38581599.js?body=1" for ::1 at 2015-11-07 15:46:41 -0600


Started GET "/assets/app.self-29d081c9ca157ff9b465adefbb0ac9baf8ff3dad02a49e51cd8cada545491289.js?body=1" for ::1 at 2015-11-07 15:46:41 -0600


Started GET "/assets/controllers/PracticeCtrl.self-534f85a6a7d4e981a950d10ed6deb8d49254206194a81b08a58c859d084a689b.js?body=1" for ::1 at 2015-11-07 15:46:41 -0600


Started GET "/assets/controllers/ShowsCtrl.self-c7651e9b88ab2d23b7c0d8b30237a72cfae76679bd025f34bd42790e430dc64a.js?body=1" for ::1 at 2015-11-07 15:46:41 -0600


Started GET "/assets/application.self-16c207b3ca1b52afcfc7f4b662487caf1bbe084a6656bb15f693ab9de2d11be7.js?body=1" for ::1 at 2015-11-07 15:46:41 -0600


Started GET "/assets/angular-route.self-f56298a407408f1817ca9aaedf3df5f45c47bbafb3c4f85641b8d0fd38581599.js?body=1" for ::1 at 2015-11-07 15:46:41 -0600


Started GET "/assets/app.self-29d081c9ca157ff9b465adefbb0ac9baf8ff3dad02a49e51cd8cada545491289.js?body=1" for ::1 at 2015-11-07 15:46:41 -0600


Started GET "/assets/controllers/PracticeCtrl.self-534f85a6a7d4e981a950d10ed6deb8d49254206194a81b08a58c859d084a689b.js?body=1" for ::1 at 2015-11-07 15:46:41 -0600


Started GET "/assets/controllers/ShowsCtrl.self-c7651e9b88ab2d23b7c0d8b30237a72cfae76679bd025f34bd42790e430dc64a.js?body=1" for ::1 at 2015-11-07 15:46:41 -0600


Started GET "/assets/application.self-16c207b3ca1b52afcfc7f4b662487caf1bbe084a6656bb15f693ab9de2d11be7.js?body=1" for ::1 at 2015-11-07 15:46:41 -0600


Started GET "/assets/angularShows.html" for ::1 at 2015-11-07 15:46:41 -0600


Started GET "/shows.json" for ::1 at 2015-11-07 15:46:41 -0600

ActionController::RoutingError (uninitialized constant ShowsController):
  activesupport (4.2.3) lib/active_support/inflector/methods.rb:261:in `const_get'
  activesupport (4.2.3) lib/active_support/inflector/methods.rb:261:in `block in constantize'
  activesupport (4.2.3) lib/active_support/inflector/methods.rb:259:in `each'
  activesupport (4.2.3) lib/active_support/inflector/methods.rb:259:in `inject'
  activesupport (4.2.3) lib/active_support/inflector/methods.rb:259:in `constantize'
  actionpack (4.2.3) lib/action_dispatch/routing/route_set.rb:72:in `controller_reference'
  actionpack (4.2.3) lib/action_dispatch/routing/route_set.rb:62:in `controller'
  actionpack (4.2.3) lib/action_dispatch/routing/route_set.rb:41:in `serve'
  actionpack (4.2.3) lib/action_dispatch/journey/router.rb:43:in `block in serve'
  actionpack (4.2.3) lib/action_dispatch/journey/router.rb:30:in `each'
  actionpack (4.2.3) lib/action_dispatch/journey/router.rb:30:in `serve'
  actionpack (4.2.3) lib/action_dispatch/routing/route_set.rb:821:in `call'
  rack (1.6.4) lib/rack/etag.rb:24:in `call'
  rack (1.6.4) lib/rack/conditionalget.rb:25:in `call'
  rack (1.6.4) lib/rack/head.rb:13:in `call'
  actionpack (4.2.3) lib/action_dispatch/middleware/params_parser.rb:27:in `call'
  actionpack (4.2.3) lib/action_dispatch/middleware/flash.rb:260:in `call'
  rack (1.6.4) lib/rack/session/abstract/id.rb:225:in `context'
  rack (1.6.4) lib/rack/session/abstract/id.rb:220:in `call'
  actionpack (4.2.3) lib/action_dispatch/middleware/cookies.rb:560:in `call'
  activerecord (4.2.3) lib/active_record/query_cache.rb:36:in `call'
  activerecord (4.2.3) lib/active_record/connection_adapters/abstract/connection_pool.rb:653:in `call'
  activerecord (4.2.3) lib/active_record/migration.rb:377:in `call'
  actionpack (4.2.3) lib/action_dispatch/middleware/callbacks.rb:29:in `block in call'
  activesupport (4.2.3) lib/active_support/callbacks.rb:84:in `run_callbacks'
  actionpack (4.2.3) lib/action_dispatch/middleware/callbacks.rb:27:in `call'
  actionpack (4.2.3) lib/action_dispatch/middleware/reloader.rb:73:in `call'
  actionpack (4.2.3) lib/action_dispatch/middleware/remote_ip.rb:78:in `call'
  actionpack (4.2.3) lib/action_dispatch/middleware/debug_exceptions.rb:17:in `call'
  web-console (2.2.1) lib/web_console/middleware.rb:39:in `call'
  actionpack (4.2.3) lib/action_dispatch/middleware/show_exceptions.rb:30:in `call'
  railties (4.2.3) lib/rails/rack/logger.rb:38:in `call_app'
  railties (4.2.3) lib/rails/rack/logger.rb:20:in `block in call'
  activesupport (4.2.3) lib/active_support/tagged_logging.rb:68:in `block in tagged'
  activesupport (4.2.3) lib/active_support/tagged_logging.rb:26:in `tagged'
  activesupport (4.2.3) lib/active_support/tagged_logging.rb:68:in `tagged'
  railties (4.2.3) lib/rails/rack/logger.rb:20:in `call'
  actionpack (4.2.3) lib/action_dispatch/middleware/request_id.rb:21:in `call'
  rack (1.6.4) lib/rack/methodoverride.rb:22:in `call'
  rack (1.6.4) lib/rack/runtime.rb:18:in `call'
  activesupport (4.2.3) lib/active_support/cache/strategy/local_cache_middleware.rb:28:in `call'
  rack (1.6.4) lib/rack/lock.rb:17:in `call'
  actionpack (4.2.3) lib/action_dispatch/middleware/static.rb:116:in `call'
  rack (1.6.4) lib/rack/sendfile.rb:113:in `call'
  railties (4.2.3) lib/rails/engine.rb:518:in `call'
  railties (4.2.3) lib/rails/application.rb:165:in `call'
  rack (1.6.4) lib/rack/lock.rb:17:in `call'
  rack (1.6.4) lib/rack/content_length.rb:15:in `call'
  rack (1.6.4) lib/rack/handler/webrick.rb:88:in `service'
  /Users/bdipaola/.rbenv/versions/2.0.0-p481/lib/ruby/2.0.0/webrick/httpserver.rb:138:in `service'
  /Users/bdipaola/.rbenv/versions/2.0.0-p481/lib/ruby/2.0.0/webrick/httpserver.rb:94:in `run'
  /Users/bdipaola/.rbenv/versions/2.0.0-p481/lib/ruby/2.0.0/webrick/server.rb:295:in `block in start_thread'


  Rendered /Users/bdipaola/.rbenv/versions/2.0.0-p481/lib/ruby/gems/2.0.0/gems/actionpack-4.2.3/lib/action_dispatch/middleware/templates/rescues/_trace.html.erb (3.9ms)
  Rendered /Users/bdipaola/.rbenv/versions/2.0.0-p481/lib/ruby/gems/2.0.0/gems/actionpack-4.2.3/lib/action_dispatch/middleware/templates/routes/_route.html.erb (1.5ms)
  Rendered /Users/bdipaola/.rbenv/versions/2.0.0-p481/lib/ruby/gems/2.0.0/gems/actionpack-4.2.3/lib/action_dispatch/middleware/templates/routes/_table.html.erb (1.1ms)
  Rendered /Users/bdipaola/.rbenv/versions/2.0.0-p481/lib/ruby/gems/2.0.0/gems/actionpack-4.2.3/lib/action_dispatch/middleware/templates/rescues/_request_and_response.html.erb (1.5ms)
  Rendered /Users/bdipaola/.rbenv/versions/2.0.0-p481/lib/ruby/gems/2.0.0/gems/actionpack-4.2.3/lib/action_dispatch/middleware/templates/rescues/routing_error.html.erb within rescues/layout (31.6ms)
  Rendered /Users/bdipaola/.rbenv/versions/2.0.0-p481/lib/ruby/gems/2.0.0/gems/web-console-2.2.1/lib/web_console/templates/_markup.html.erb (0.4ms)
  Rendered /Users/bdipaola/.rbenv/versions/2.0.0-p481/lib/ruby/gems/2.0.0/gems/web-console-2.2.1/lib/web_console/templates/_inner_console_markup.html.erb within layouts/inlined_string (0.3ms)
  Rendered /Users/bdipaola/.rbenv/versions/2.0.0-p481/lib/ruby/gems/2.0.0/gems/web-console-2.2.1/lib/web_console/templates/_prompt_box_markup.html.erb within layouts/inlined_string (0.2ms)
  Rendered /Users/bdipaola/.rbenv/versions/2.0.0-p481/lib/ruby/gems/2.0.0/gems/web-console-2.2.1/lib/web_console/templates/style.css.erb within layouts/inlined_string (0.2ms)
  Rendered /Users/bdipaola/.rbenv/versions/2.0.0-p481/lib/ruby/gems/2.0.0/gems/web-console-2.2.1/lib/web_console/templates/console.js.erb within layouts/javascript (13.3ms)
  Rendered /Users/bdipaola/.rbenv/versions/2.0.0-p481/lib/ruby/gems/2.0.0/gems/web-console-2.2.1/lib/web_console/templates/main.js.erb within layouts/javascript (0.2ms)
  Rendered /Users/bdipaola/.rbenv/versions/2.0.0-p481/lib/ruby/gems/2.0.0/gems/web-console-2.2.1/lib/web_console/templates/error_page.js.erb within layouts/javascript (0.3ms)
  Rendered /Users/bdipaola/.rbenv/versions/2.0.0-p481/lib/ruby/gems/2.0.0/gems/web-console-2.2.1/lib/web_console/templates/index.html.erb (29.1ms)


Started GET "/" for ::1 at 2015-11-07 15:47:57 -0600
  [1m[36mActiveRecord::SchemaMigration Load (0.5ms)[0m  [1mSELECT "schema_migrations".* FROM "schema_migrations"[0m
Processing by MainController#index as HTML
  Rendered main/index.html.erb within layouts/application (1.0ms)
Completed 200 OK in 593ms (Views: 592.6ms | ActiveRecord: 0.0ms)


Started GET "/assets/main.self-e3b0c44298fc1c149afbf4c8996fb92427ae41e4649b934ca495991b7852b855.css?body=1" for ::1 at 2015-11-07 15:47:58 -0600


Started GET "/assets/show.self-e3b0c44298fc1c149afbf4c8996fb92427ae41e4649b934ca495991b7852b855.css?body=1" for ::1 at 2015-11-07 15:47:58 -0600


Started GET "/assets/application.self-e80e8f2318043e8af94dddc2adad5a4f09739a8ebb323b3ab31cd71d45fd9113.css?body=1" for ::1 at 2015-11-07 15:47:58 -0600


Started GET "/assets/jquery.self-a714331225dda820228db323939889f149aec0127aeb06255646b616ba1ca419.js?body=1" for ::1 at 2015-11-07 15:47:58 -0600


Started GET "/assets/jquery_ujs.self-d456baa54c1fa6be2ec3711f0a72ddf7a5b2f34a6b4f515f33767d6207b7d4b3.js?body=1" for ::1 at 2015-11-07 15:47:58 -0600


Started GET "/assets/angular-route.self-f56298a407408f1817ca9aaedf3df5f45c47bbafb3c4f85641b8d0fd38581599.js?body=1" for ::1 at 2015-11-07 15:47:58 -0600


Started GET "/assets/angular.self-5657ace19fa32e4720c470d98deb20d67d0bd0221bdf5a4b447ab31e8249a65b.js?body=1" for ::1 at 2015-11-07 15:47:58 -0600


Started GET "/assets/app.self-29d081c9ca157ff9b465adefbb0ac9baf8ff3dad02a49e51cd8cada545491289.js?body=1" for ::1 at 2015-11-07 15:47:58 -0600


Started GET "/assets/controllers/PracticeCtrl.self-534f85a6a7d4e981a950d10ed6deb8d49254206194a81b08a58c859d084a689b.js?body=1" for ::1 at 2015-11-07 15:47:58 -0600


Started GET "/assets/controllers/ShowsCtrl.self-eda87474115c15f303a336c959abdc27d5daaee09ec8c82123ba13dfdbff18f8.js?body=1" for ::1 at 2015-11-07 15:47:58 -0600


Started GET "/assets/application.self-16c207b3ca1b52afcfc7f4b662487caf1bbe084a6656bb15f693ab9de2d11be7.js?body=1" for ::1 at 2015-11-07 15:47:58 -0600


Started GET "/assets/angularShows.html" for ::1 at 2015-11-07 15:47:58 -0600


Started GET "/shows.json" for ::1 at 2015-11-07 15:47:58 -0600

ActionController::RoutingError (uninitialized constant ShowsController):
  activesupport (4.2.3) lib/active_support/inflector/methods.rb:261:in `const_get'
  activesupport (4.2.3) lib/active_support/inflector/methods.rb:261:in `block in constantize'
  activesupport (4.2.3) lib/active_support/inflector/methods.rb:259:in `each'
  activesupport (4.2.3) lib/active_support/inflector/methods.rb:259:in `inject'
  activesupport (4.2.3) lib/active_support/inflector/methods.rb:259:in `constantize'
  actionpack (4.2.3) lib/action_dispatch/routing/route_set.rb:72:in `controller_reference'
  actionpack (4.2.3) lib/action_dispatch/routing/route_set.rb:62:in `controller'
  actionpack (4.2.3) lib/action_dispatch/routing/route_set.rb:41:in `serve'
  actionpack (4.2.3) lib/action_dispatch/journey/router.rb:43:in `block in serve'
  actionpack (4.2.3) lib/action_dispatch/journey/router.rb:30:in `each'
  actionpack (4.2.3) lib/action_dispatch/journey/router.rb:30:in `serve'
  actionpack (4.2.3) lib/action_dispatch/routing/route_set.rb:821:in `call'
  rack (1.6.4) lib/rack/etag.rb:24:in `call'
  rack (1.6.4) lib/rack/conditionalget.rb:25:in `call'
  rack (1.6.4) lib/rack/head.rb:13:in `call'
  actionpack (4.2.3) lib/action_dispatch/middleware/params_parser.rb:27:in `call'
  actionpack (4.2.3) lib/action_dispatch/middleware/flash.rb:260:in `call'
  rack (1.6.4) lib/rack/session/abstract/id.rb:225:in `context'
  rack (1.6.4) lib/rack/session/abstract/id.rb:220:in `call'
  actionpack (4.2.3) lib/action_dispatch/middleware/cookies.rb:560:in `call'
  activerecord (4.2.3) lib/active_record/query_cache.rb:36:in `call'
  activerecord (4.2.3) lib/active_record/connection_adapters/abstract/connection_pool.rb:653:in `call'
  activerecord (4.2.3) lib/active_record/migration.rb:377:in `call'
  actionpack (4.2.3) lib/action_dispatch/middleware/callbacks.rb:29:in `block in call'
  activesupport (4.2.3) lib/active_support/callbacks.rb:84:in `run_callbacks'
  actionpack (4.2.3) lib/action_dispatch/middleware/callbacks.rb:27:in `call'
  actionpack (4.2.3) lib/action_dispatch/middleware/reloader.rb:73:in `call'
  actionpack (4.2.3) lib/action_dispatch/middleware/remote_ip.rb:78:in `call'
  actionpack (4.2.3) lib/action_dispatch/middleware/debug_exceptions.rb:17:in `call'
  web-console (2.2.1) lib/web_console/middleware.rb:39:in `call'
  actionpack (4.2.3) lib/action_dispatch/middleware/show_exceptions.rb:30:in `call'
  railties (4.2.3) lib/rails/rack/logger.rb:38:in `call_app'
  railties (4.2.3) lib/rails/rack/logger.rb:20:in `block in call'
  activesupport (4.2.3) lib/active_support/tagged_logging.rb:68:in `block in tagged'
  activesupport (4.2.3) lib/active_support/tagged_logging.rb:26:in `tagged'
  activesupport (4.2.3) lib/active_support/tagged_logging.rb:68:in `tagged'
  railties (4.2.3) lib/rails/rack/logger.rb:20:in `call'
  actionpack (4.2.3) lib/action_dispatch/middleware/request_id.rb:21:in `call'
  rack (1.6.4) lib/rack/methodoverride.rb:22:in `call'
  rack (1.6.4) lib/rack/runtime.rb:18:in `call'
  activesupport (4.2.3) lib/active_support/cache/strategy/local_cache_middleware.rb:28:in `call'
  rack (1.6.4) lib/rack/lock.rb:17:in `call'
  actionpack (4.2.3) lib/action_dispatch/middleware/static.rb:116:in `call'
  rack (1.6.4) lib/rack/sendfile.rb:113:in `call'
  railties (4.2.3) lib/rails/engine.rb:518:in `call'
  railties (4.2.3) lib/rails/application.rb:165:in `call'
  rack (1.6.4) lib/rack/lock.rb:17:in `call'
  rack (1.6.4) lib/rack/content_length.rb:15:in `call'
  rack (1.6.4) lib/rack/handler/webrick.rb:88:in `service'
  /Users/bdipaola/.rbenv/versions/2.0.0-p481/lib/ruby/2.0.0/webrick/httpserver.rb:138:in `service'
  /Users/bdipaola/.rbenv/versions/2.0.0-p481/lib/ruby/2.0.0/webrick/httpserver.rb:94:in `run'
  /Users/bdipaola/.rbenv/versions/2.0.0-p481/lib/ruby/2.0.0/webrick/server.rb:295:in `block in start_thread'


  Rendered /Users/bdipaola/.rbenv/versions/2.0.0-p481/lib/ruby/gems/2.0.0/gems/actionpack-4.2.3/lib/action_dispatch/middleware/templates/rescues/_trace.html.erb (2.4ms)
  Rendered /Users/bdipaola/.rbenv/versions/2.0.0-p481/lib/ruby/gems/2.0.0/gems/actionpack-4.2.3/lib/action_dispatch/middleware/templates/routes/_route.html.erb (0.9ms)
  Rendered /Users/bdipaola/.rbenv/versions/2.0.0-p481/lib/ruby/gems/2.0.0/gems/actionpack-4.2.3/lib/action_dispatch/middleware/templates/routes/_table.html.erb (4.6ms)
  Rendered /Users/bdipaola/.rbenv/versions/2.0.0-p481/lib/ruby/gems/2.0.0/gems/actionpack-4.2.3/lib/action_dispatch/middleware/templates/rescues/_request_and_response.html.erb (1.3ms)
  Rendered /Users/bdipaola/.rbenv/versions/2.0.0-p481/lib/ruby/gems/2.0.0/gems/actionpack-4.2.3/lib/action_dispatch/middleware/templates/rescues/routing_error.html.erb within rescues/layout (34.2ms)
  Rendered /Users/bdipaola/.rbenv/versions/2.0.0-p481/lib/ruby/gems/2.0.0/gems/web-console-2.2.1/lib/web_console/templates/_markup.html.erb (0.3ms)
  Rendered /Users/bdipaola/.rbenv/versions/2.0.0-p481/lib/ruby/gems/2.0.0/gems/web-console-2.2.1/lib/web_console/templates/_inner_console_markup.html.erb within layouts/inlined_string (0.3ms)
  Rendered /Users/bdipaola/.rbenv/versions/2.0.0-p481/lib/ruby/gems/2.0.0/gems/web-console-2.2.1/lib/web_console/templates/_prompt_box_markup.html.erb within layouts/inlined_string (0.2ms)
  Rendered /Users/bdipaola/.rbenv/versions/2.0.0-p481/lib/ruby/gems/2.0.0/gems/web-console-2.2.1/lib/web_console/templates/style.css.erb within layouts/inlined_string (0.2ms)
  Rendered /Users/bdipaola/.rbenv/versions/2.0.0-p481/lib/ruby/gems/2.0.0/gems/web-console-2.2.1/lib/web_console/templates/console.js.erb within layouts/javascript (12.8ms)
  Rendered /Users/bdipaola/.rbenv/versions/2.0.0-p481/lib/ruby/gems/2.0.0/gems/web-console-2.2.1/lib/web_console/templates/main.js.erb within layouts/javascript (0.2ms)
  Rendered /Users/bdipaola/.rbenv/versions/2.0.0-p481/lib/ruby/gems/2.0.0/gems/web-console-2.2.1/lib/web_console/templates/error_page.js.erb within layouts/javascript (0.3ms)
  Rendered /Users/bdipaola/.rbenv/versions/2.0.0-p481/lib/ruby/gems/2.0.0/gems/web-console-2.2.1/lib/web_console/templates/index.html.erb (28.6ms)


Started GET "/" for ::1 at 2015-11-07 15:48:36 -0600
Processing by MainController#index as HTML
  Rendered main/index.html.erb within layouts/application (0.1ms)
Completed 200 OK in 34ms (Views: 33.8ms | ActiveRecord: 0.0ms)


Started GET "/assets/angularPractice.html" for ::1 at 2015-11-07 15:48:36 -0600


Started GET "/shows.json" for ::1 at 2015-11-07 15:48:40 -0600

ActionController::RoutingError (uninitialized constant ShowsController):
  activesupport (4.2.3) lib/active_support/inflector/methods.rb:261:in `const_get'
  activesupport (4.2.3) lib/active_support/inflector/methods.rb:261:in `block in constantize'
  activesupport (4.2.3) lib/active_support/inflector/methods.rb:259:in `each'
  activesupport (4.2.3) lib/active_support/inflector/methods.rb:259:in `inject'
  activesupport (4.2.3) lib/active_support/inflector/methods.rb:259:in `constantize'
  actionpack (4.2.3) lib/action_dispatch/routing/route_set.rb:72:in `controller_reference'
  actionpack (4.2.3) lib/action_dispatch/routing/route_set.rb:62:in `controller'
  actionpack (4.2.3) lib/action_dispatch/routing/route_set.rb:41:in `serve'
  actionpack (4.2.3) lib/action_dispatch/journey/router.rb:43:in `block in serve'
  actionpack (4.2.3) lib/action_dispatch/journey/router.rb:30:in `each'
  actionpack (4.2.3) lib/action_dispatch/journey/router.rb:30:in `serve'
  actionpack (4.2.3) lib/action_dispatch/routing/route_set.rb:821:in `call'
  rack (1.6.4) lib/rack/etag.rb:24:in `call'
  rack (1.6.4) lib/rack/conditionalget.rb:25:in `call'
  rack (1.6.4) lib/rack/head.rb:13:in `call'
  actionpack (4.2.3) lib/action_dispatch/middleware/params_parser.rb:27:in `call'
  actionpack (4.2.3) lib/action_dispatch/middleware/flash.rb:260:in `call'
  rack (1.6.4) lib/rack/session/abstract/id.rb:225:in `context'
  rack (1.6.4) lib/rack/session/abstract/id.rb:220:in `call'
  actionpack (4.2.3) lib/action_dispatch/middleware/cookies.rb:560:in `call'
  activerecord (4.2.3) lib/active_record/query_cache.rb:36:in `call'
  activerecord (4.2.3) lib/active_record/connection_adapters/abstract/connection_pool.rb:653:in `call'
  activerecord (4.2.3) lib/active_record/migration.rb:377:in `call'
  actionpack (4.2.3) lib/action_dispatch/middleware/callbacks.rb:29:in `block in call'
  activesupport (4.2.3) lib/active_support/callbacks.rb:84:in `run_callbacks'
  actionpack (4.2.3) lib/action_dispatch/middleware/callbacks.rb:27:in `call'
  actionpack (4.2.3) lib/action_dispatch/middleware/reloader.rb:73:in `call'
  actionpack (4.2.3) lib/action_dispatch/middleware/remote_ip.rb:78:in `call'
  actionpack (4.2.3) lib/action_dispatch/middleware/debug_exceptions.rb:17:in `call'
  web-console (2.2.1) lib/web_console/middleware.rb:39:in `call'
  actionpack (4.2.3) lib/action_dispatch/middleware/show_exceptions.rb:30:in `call'
  railties (4.2.3) lib/rails/rack/logger.rb:38:in `call_app'
  railties (4.2.3) lib/rails/rack/logger.rb:20:in `block in call'
  activesupport (4.2.3) lib/active_support/tagged_logging.rb:68:in `block in tagged'
  activesupport (4.2.3) lib/active_support/tagged_logging.rb:26:in `tagged'
  activesupport (4.2.3) lib/active_support/tagged_logging.rb:68:in `tagged'
  railties (4.2.3) lib/rails/rack/logger.rb:20:in `call'
  actionpack (4.2.3) lib/action_dispatch/middleware/request_id.rb:21:in `call'
  rack (1.6.4) lib/rack/methodoverride.rb:22:in `call'
  rack (1.6.4) lib/rack/runtime.rb:18:in `call'
  activesupport (4.2.3) lib/active_support/cache/strategy/local_cache_middleware.rb:28:in `call'
  rack (1.6.4) lib/rack/lock.rb:17:in `call'
  actionpack (4.2.3) lib/action_dispatch/middleware/static.rb:116:in `call'
  rack (1.6.4) lib/rack/sendfile.rb:113:in `call'
  railties (4.2.3) lib/rails/engine.rb:518:in `call'
  railties (4.2.3) lib/rails/application.rb:165:in `call'
  rack (1.6.4) lib/rack/lock.rb:17:in `call'
  rack (1.6.4) lib/rack/content_length.rb:15:in `call'
  rack (1.6.4) lib/rack/handler/webrick.rb:88:in `service'
  /Users/bdipaola/.rbenv/versions/2.0.0-p481/lib/ruby/2.0.0/webrick/httpserver.rb:138:in `service'
  /Users/bdipaola/.rbenv/versions/2.0.0-p481/lib/ruby/2.0.0/webrick/httpserver.rb:94:in `run'
  /Users/bdipaola/.rbenv/versions/2.0.0-p481/lib/ruby/2.0.0/webrick/server.rb:295:in `block in start_thread'


  Rendered /Users/bdipaola/.rbenv/versions/2.0.0-p481/lib/ruby/gems/2.0.0/gems/actionpack-4.2.3/lib/action_dispatch/middleware/templates/rescues/_trace.html.erb (1.6ms)
  Rendered /Users/bdipaola/.rbenv/versions/2.0.0-p481/lib/ruby/gems/2.0.0/gems/actionpack-4.2.3/lib/action_dispatch/middleware/templates/routes/_route.html.erb (0.9ms)
  Rendered /Users/bdipaola/.rbenv/versions/2.0.0-p481/lib/ruby/gems/2.0.0/gems/actionpack-4.2.3/lib/action_dispatch/middleware/templates/routes/_table.html.erb (1.0ms)
  Rendered /Users/bdipaola/.rbenv/versions/2.0.0-p481/lib/ruby/gems/2.0.0/gems/actionpack-4.2.3/lib/action_dispatch/middleware/templates/rescues/_request_and_response.html.erb (1.7ms)
  Rendered /Users/bdipaola/.rbenv/versions/2.0.0-p481/lib/ruby/gems/2.0.0/gems/actionpack-4.2.3/lib/action_dispatch/middleware/templates/rescues/routing_error.html.erb within rescues/layout (25.2ms)
  Rendered /Users/bdipaola/.rbenv/versions/2.0.0-p481/lib/ruby/gems/2.0.0/gems/web-console-2.2.1/lib/web_console/templates/_markup.html.erb (0.3ms)
  Rendered /Users/bdipaola/.rbenv/versions/2.0.0-p481/lib/ruby/gems/2.0.0/gems/web-console-2.2.1/lib/web_console/templates/_inner_console_markup.html.erb within layouts/inlined_string (0.3ms)
  Rendered /Users/bdipaola/.rbenv/versions/2.0.0-p481/lib/ruby/gems/2.0.0/gems/web-console-2.2.1/lib/web_console/templates/_prompt_box_markup.html.erb within layouts/inlined_string (0.3ms)
  Rendered /Users/bdipaola/.rbenv/versions/2.0.0-p481/lib/ruby/gems/2.0.0/gems/web-console-2.2.1/lib/web_console/templates/style.css.erb within layouts/inlined_string (0.3ms)
  Rendered /Users/bdipaola/.rbenv/versions/2.0.0-p481/lib/ruby/gems/2.0.0/gems/web-console-2.2.1/lib/web_console/templates/console.js.erb within layouts/javascript (14.4ms)
  Rendered /Users/bdipaola/.rbenv/versions/2.0.0-p481/lib/ruby/gems/2.0.0/gems/web-console-2.2.1/lib/web_console/templates/main.js.erb within layouts/javascript (0.3ms)
  Rendered /Users/bdipaola/.rbenv/versions/2.0.0-p481/lib/ruby/gems/2.0.0/gems/web-console-2.2.1/lib/web_console/templates/error_page.js.erb within layouts/javascript (0.3ms)
  Rendered /Users/bdipaola/.rbenv/versions/2.0.0-p481/lib/ruby/gems/2.0.0/gems/web-console-2.2.1/lib/web_console/templates/index.html.erb (30.1ms)


Started GET "/shows.json" for ::1 at 2015-11-07 15:50:44 -0600
Processing by ShowsController#index as JSON
  [1m[35mShow Load (0.4ms)[0m  SELECT "shows".* FROM "shows"
Completed 200 OK in 10ms (Views: 5.9ms | ActiveRecord: 2.4ms)


Started GET "/" for ::1 at 2015-11-07 15:51:07 -0600
Processing by MainController#index as HTML
  Rendered main/index.html.erb within layouts/application (0.1ms)
Completed 200 OK in 41ms (Views: 40.8ms | ActiveRecord: 0.0ms)


Started GET "/assets/angularPractice.html" for ::1 at 2015-11-07 15:51:07 -0600


Started GET "/assets/angularShows.html" for ::1 at 2015-11-07 15:51:13 -0600


Started GET "/shows.json" for ::1 at 2015-11-07 15:51:13 -0600
Processing by ShowsController#index as JSON
  [1m[36mShow Load (0.3ms)[0m  [1mSELECT "shows".* FROM "shows"[0m
Completed 200 OK in 2ms (Views: 1.6ms | ActiveRecord: 0.3ms)


Started GET "/" for ::1 at 2015-11-07 15:52:43 -0600
Processing by MainController#index as HTML
  Rendered main/index.html.erb within layouts/application (0.1ms)
Completed 200 OK in 35ms (Views: 35.3ms | ActiveRecord: 0.0ms)


Started GET "/assets/application.self-e80e8f2318043e8af94dddc2adad5a4f09739a8ebb323b3ab31cd71d45fd9113.css?body=1" for ::1 at 2015-11-07 15:52:43 -0600


Started GET "/assets/jquery_ujs.self-d456baa54c1fa6be2ec3711f0a72ddf7a5b2f34a6b4f515f33767d6207b7d4b3.js?body=1" for ::1 at 2015-11-07 15:52:43 -0600


Started GET "/assets/angular.self-5657ace19fa32e4720c470d98deb20d67d0bd0221bdf5a4b447ab31e8249a65b.js?body=1" for ::1 at 2015-11-07 15:52:43 -0600


Started GET "/assets/main.self-e3b0c44298fc1c149afbf4c8996fb92427ae41e4649b934ca495991b7852b855.css?body=1" for ::1 at 2015-11-07 15:52:43 -0600


Started GET "/assets/show.self-e3b0c44298fc1c149afbf4c8996fb92427ae41e4649b934ca495991b7852b855.css?body=1" for ::1 at 2015-11-07 15:52:44 -0600


Started GET "/assets/jquery.self-a714331225dda820228db323939889f149aec0127aeb06255646b616ba1ca419.js?body=1" for ::1 at 2015-11-07 15:52:44 -0600


Started GET "/assets/angular-route.self-f56298a407408f1817ca9aaedf3df5f45c47bbafb3c4f85641b8d0fd38581599.js?body=1" for ::1 at 2015-11-07 15:52:44 -0600


Started GET "/assets/app.self-29d081c9ca157ff9b465adefbb0ac9baf8ff3dad02a49e51cd8cada545491289.js?body=1" for ::1 at 2015-11-07 15:52:44 -0600


Started GET "/assets/controllers/ShowsCtrl.self-eda87474115c15f303a336c959abdc27d5daaee09ec8c82123ba13dfdbff18f8.js?body=1" for ::1 at 2015-11-07 15:52:44 -0600


Started GET "/assets/application.self-16c207b3ca1b52afcfc7f4b662487caf1bbe084a6656bb15f693ab9de2d11be7.js?body=1" for ::1 at 2015-11-07 15:52:44 -0600


Started GET "/assets/controllers/PracticeCtrl.self-534f85a6a7d4e981a950d10ed6deb8d49254206194a81b08a58c859d084a689b.js?body=1" for ::1 at 2015-11-07 15:52:44 -0600


Started GET "/assets/angular.self-5657ace19fa32e4720c470d98deb20d67d0bd0221bdf5a4b447ab31e8249a65b.js?body=1" for ::1 at 2015-11-07 15:52:44 -0600


Started GET "/assets/angularShows.html" for ::1 at 2015-11-07 15:52:44 -0600


Started GET "/shows.json" for ::1 at 2015-11-07 15:52:44 -0600
Processing by ShowsController#index as JSON
  [1m[35mShow Load (0.3ms)[0m  SELECT "shows".* FROM "shows"
Completed 200 OK in 3ms (Views: 2.2ms | ActiveRecord: 0.3ms)
